-------------------------------------------------------------------------------
Test set: Authentication
-------------------------------------------------------------------------------
Tests run: 12, Failures: 0, Errors: 1, Skipped: 0, Time elapsed: 22.061 s <<< FAILURE! - in Authentication
Authentication.Register new a account #1  Time elapsed: 1.383 s  <<< ERROR!
net.serenitybdd.core.exceptions.SerenityManagedException: 
1 expectation failed.
Expected status code <200> but was <400>.


