<?xml version="1.0" encoding="UTF-8"?><testsuite errors="0" failures="0" name="Sign in" skipped="0" tests="13" time="0.18" timestamp="2022-10-20 11:40:27"><testcase name="Sign in with null email and null password"/><testcase name="Sign in with email valid and password valid"/><testcase name="Sign in with number phone and password valid"/><testcase name="Sign in with one character email and password"/><testcase name="Sign in with symbol in email and password"/><testcase name="Sign in with null email and null password"/><testcase name="Sign in with email valid and password valid"/><testcase name="Sign in with email valid and password invalid"/><testcase name="Sign in with email invalid and password valid"/><testcase name="Sign in with google account"/><testcase name="Sign in with Looking to create a page for a business?"/><testcase name="Sign in with email valid and password valid, show password"/><testcase name="Sign in with email valid and password valid, not show password"/></testsuite>