<?xml version="1.0" encoding="UTF-8"?><testsuite errors="0" failures="0" name="Search job" skipped="0" tests="16" time="0.31" timestamp="2022-10-20 11:40:27"><testcase name="Search job with name company"/><testcase name="Search job with specification job"/><testcase name="Search job with one character"/><testcase name="Search job with number"/><testcase name="Search job with null"/><testcase name="Search job with symbol"/><testcase name="Search job with initial skill"/><testcase name="Search job with Suggested job searches"/><testcase name="Search job with salary"/><testcase name="Search job with skill assigment"/><testcase name="Search job with my job"/><testcase name="Search job with alerts"/><testcase name="Search job with interview prep"/><testcase name="Search job with alerts"/><testcase name="Search job with resume builder"/><testcase name="Search job with job seeker guidance"/></testsuite>