<?xml version="1.0" encoding="UTF-8"?><testsuite errors="0" failures="0" name="Invitation People" skipped="0" tests="11" time="0.37" timestamp="2022-10-20 11:40:26"><testcase name="Search people name with null character"/><testcase name="Search people name with one character"/><testcase name="Search people name with a name"/><testcase name="Search people name with symbol"/><testcase name="Search people name with a full name"/><testcase name="Search people name with my contact"/><testcase name="Search people name with event"/><testcase name="Search people name with conections"/><testcase name="Search people name with people i follow"/><testcase name="Search people name with pages"/><testcase name="Search people name with hastag"/></testsuite>