<?xml version="1.0" encoding="UTF-8"?>
<testsuite xmlns:xsi="http://www.w3.org/2001/XMLSchema-instance" xsi:noNamespaceSchemaLocation="https://maven.apache.org/surefire/maven-failsafe-plugin/xsd/failsafe-test-report-3.0.xsd" version="3.0" name="starter.CucumberTestSuite" time="87.236" tests="5" errors="0" skipped="0" failures="0">
  <properties>
[...]
</properties>
  <testcase name="Login with valid username and valid password" classname="Login" time="22.353">
    <system-out><![CDATA[15:01:34.258 [main] INFO io.cucumber.core.plugin.SerenityReporter - Running feature from file:///D:/Ra/file%20kuliah/semester%207/resume%20alta/demoqa/src/test/resources/features/login.feature
15:01:34.396 [main] INFO  - 

-------------------------------------------------------------------------------------
     _______. _______ .______       _______ .__   __.  __  .___________.____    ____ 
    /       ||   ____||   _  \     |   ____||  \ |  | |  | |           |\   \  /   / 
   |   (----`|  |__   |  |_)  |    |  |__   |   \|  | |  | `---|  |----` \   \/   /  
    \   \    |   __|  |      /     |   __|  |  . `  | |  |     |  |       \_    _/   
.----)   |   |  |____ |  |\  \----.|  |____ |  |\   | |  |     |  |         |  |     
|_______/    |_______|| _| `._____||_______||__| \__| |__|     |__|         |__|    
                                                                                     
 News and tutorials at http://www.serenity-bdd.info                                  
 Documentation at https://wakaleo.gitbooks.io/the-serenity-book/content/             
 Join the Serenity Community on Gitter: https://gitter.im/serenity-bdd/serenity-core 
 Serenity BDD Support and Training at http://serenity-bdd.info/#/trainingandsupport  
-------------------------------------------------------------------------------------

15:01:34.398 [main] DEBUG net.thucydides.core.steps.StepEventBus - Test suite started for story net.thucydides.core.model.Story@f388ff28
15:01:34.402 [main] INFO  - Test Suite Started: Login
15:01:34.511 [main] INFO io.cucumber.core.plugin.SerenityReporter - Running feature from file:///D:/Ra/file%20kuliah/semester%207/resume%20alta/demoqa/src/test/resources/features/login.feature
15:01:34.518 [main] DEBUG net.thucydides.core.steps.StepEventBus - Test suite started for story net.thucydides.core.model.Story@f388ff28
15:01:34.520 [main] INFO  - Test Suite Started: Login

Scenario: Login with valid username and valid password &amp#27;[90m# src/test/resources/features/login.feature:6&amp#27;[0m
15:01:34.598 [main] INFO io.cucumber.core.plugin.SerenityReporter - Running feature from file:///D:/Ra/file%20kuliah/semester%207/resume%20alta/demoqa/src/test/resources/features/login.feature
15:01:34.699 [main] INFO  - 
  _____   ___   ___   _____     ___   _____     _     ___   _____   ___   ___  
 |_   _| | __| / __| |_   _|   / __| |_   _|   /_\   | _ \ |_   _| | __| |   \ 
   | |   | _|  \__ \   | |     \__ \   | |    / _ \  |   /   | |   | _|  | |) |
   |_|   |___| |___/   |_|     |___/   |_|   /_/ \_\ |_|_\   |_|   |___| |___/ 

Login with valid username and valid password(login;login-with-valid-username-and-valid-password)
--------------------------------------------------------------------------------
15:01:35.318 [main] INFO net.serenitybdd.core.webdriver.driverproviders.ChromeDriverProvider - Using automatically driver download
15:01:35.898 [main] DEBUG io.github.bonigarcia.wdm.cache.ResolutionCache - Resolution chrome=106 in cache (valid until 15:57:12 05/10/2022 ICT)
15:01:35.904 [main] DEBUG io.github.bonigarcia.wdm.cache.ResolutionCache - Resolution chrome106=106.0.5249.61 in cache (valid until 11:41:12 06/10/2022 ICT)
15:01:35.908 [main] INFO io.github.bonigarcia.wdm.WebDriverManager - Using chromedriver 106.0.5249.61 (resolved driver for Chrome 106)
15:01:35.926 [main] DEBUG io.github.bonigarcia.wdm.WebDriverManager - Driver chromedriver 106.0.5249.61 found in cache
15:01:35.927 [main] INFO io.github.bonigarcia.wdm.WebDriverManager - Exporting webdriver.chrome.driver as C:\Users\rilaa\.cache\selenium\chromedriver\win32\106.0.5249.61\chromedriver.exe
15:01:36.463 [main] DEBUG net.thucydides.core.reflection.ClassFinder - Could not load class .starter.CucumberTestSuite
15:01:36.463 [main] DEBUG net.thucydides.core.reflection.ClassFinder - Could not load class .starter.pages.LoginPage
15:01:36.463 [main] DEBUG net.thucydides.core.reflection.ClassFinder - Could not load class .starter.stepdefinitions.LoginStep
15:01:36.464 [main] DEBUG net.thucydides.core.reflection.ClassFinder - Could not load class META-INF.versions.9.com.sun.istack.logging.StackHelper
15:01:36.464 [main] DEBUG net.thucydides.core.reflection.ClassFinder - Could not load class META-INF.versions.9.com.sun.xml.bind.v2.runtime.reflect.opt.AccessorInjector
15:01:36.464 [main] DEBUG net.thucydides.core.reflection.ClassFinder - Could not load class META-INF.versions.9.com.sun.xml.bind.v2.runtime.reflect.opt.Injector
15:01:36.465 [main] DEBUG net.thucydides.core.reflection.ClassFinder - Could not load class META-INF.versions.9.com.sun.xml.bind.v2.runtime.reflect.opt.OptimizedAccessorFactory
15:01:36.465 [main] DEBUG net.thucydides.core.reflection.ClassFinder - Could not load class META-INF.versions.9.com.sun.xml.bind.v2.runtime.reflect.opt.OptimizedTransducedAccessorFactory
15:01:36.465 [main] DEBUG net.thucydides.core.reflection.ClassFinder - Could not load class META-INF.versions.9.io.opentelemetry.sdk.internal.CurrentJavaVersionSpecific
15:01:36.465 [main] DEBUG net.thucydides.core.reflection.ClassFinder - Could not load class META-INF.versions.9.io.opentelemetry.sdk.internal.Java9VersionSpecific
15:01:36.466 [main] DEBUG net.thucydides.core.reflection.ClassFinder - Could not load class META-INF.versions.9.javax.xml.bind.ModuleUtil
15:01:36.466 [main] DEBUG net.thucydides.core.reflection.ClassFinder - Could not load class META-INF.versions.9.module-info
15:01:36.467 [main] DEBUG net.thucydides.core.reflection.ClassFinder - Could not load class META-INF.versions.9.org.junit.platform.commons.util.ModuleUtils
15:01:36.720 [main] DEBUG net.thucydides.core.reflection.ClassFinder - Could not load class com.google.gson.internal.
15:01:36.882 [main] DEBUG net.thucydides.core.reflection.ClassFinder - Could not load class com.sun.xml.bind.v2.runtime.output.FastInfosetStreamWriterOutput
15:01:37.227 [main] DEBUG net.thucydides.core.reflection.ClassFinder - Could not load class module-info
15:01:39.331 [main] DEBUG io.netty.util.internal.logging.InternalLoggerFactory - Using SLF4J as the default logging framework
15:01:39.333 [main] DEBUG io.netty.util.ResourceLeakDetector - -Dio.netty.leakDetection.level: simple
15:01:39.333 [main] DEBUG io.netty.util.ResourceLeakDetector - -Dio.netty.leakDetection.targetRecords: 4
15:01:39.338 [main] DEBUG io.netty.util.ResourceLeakDetectorFactory - Loaded default ResourceLeakDetector: io.netty.util.ResourceLeakDetector@50e3be0a
15:01:39.358 [main] DEBUG io.netty.util.internal.PlatformDependent0 - -Dio.netty.noUnsafe: false
15:01:39.358 [main] DEBUG io.netty.util.internal.PlatformDependent0 - Java version: 11
15:01:39.359 [main] DEBUG io.netty.util.internal.PlatformDependent0 - sun.misc.Unsafe.theUnsafe: available
15:01:39.360 [main] DEBUG io.netty.util.internal.PlatformDependent0 - sun.misc.Unsafe.copyMemory: available
15:01:39.360 [main] DEBUG io.netty.util.internal.PlatformDependent0 - java.nio.Buffer.address: available
15:01:39.360 [main] DEBUG io.netty.util.internal.PlatformDependent0 - direct buffer constructor: unavailable: Reflective setAccessible(true) disabled
15:01:39.360 [main] DEBUG io.netty.util.internal.PlatformDependent0 - java.nio.Bits.unaligned: available, true
15:01:39.362 [main] DEBUG io.netty.util.internal.PlatformDependent0 - jdk.internal.misc.Unsafe.allocateUninitializedArray(int): unavailable: class io.netty.util.internal.PlatformDependent0$6 cannot access class jdk.internal.misc.Unsafe (in module java.base) because module java.base does not export jdk.internal.misc to unnamed module @b93aad
15:01:39.364 [main] DEBUG io.netty.util.internal.PlatformDependent0 - java.nio.DirectByteBuffer.<init>(long, int): unavailable
15:01:39.364 [main] DEBUG io.netty.util.internal.PlatformDependent - sun.misc.Unsafe: available
15:01:39.366 [main] DEBUG io.netty.util.internal.PlatformDependent - maxDirectMemory: 2090860544 bytes (maybe)
15:01:39.367 [main] DEBUG io.netty.util.internal.PlatformDependent - -Dio.netty.tmpdir: C:\Users\rilaa\AppData\Local\Temp (java.io.tmpdir)
15:01:39.367 [main] DEBUG io.netty.util.internal.PlatformDependent - -Dio.netty.bitMode: 64 (sun.arch.data.model)
15:01:39.367 [main] DEBUG io.netty.util.internal.PlatformDependent - Platform: Windows
15:01:39.368 [main] DEBUG io.netty.util.internal.PlatformDependent - -Dio.netty.maxDirectMemory: -1 bytes
15:01:39.368 [main] DEBUG io.netty.util.internal.PlatformDependent - -Dio.netty.uninitializedArrayAllocationThreshold: -1
15:01:39.369 [main] DEBUG io.netty.util.internal.CleanerJava9 - java.nio.ByteBuffer.cleaner(): available
15:01:39.369 [main] DEBUG io.netty.util.internal.PlatformDependent - -Dio.netty.noPreferDirect: false
15:01:39.376 [main] DEBUG io.netty.util.internal.PlatformDependent - org.jctools-core.MpscChunkedArrayQueue: available
15:01:39.392 [main] DEBUG io.netty.util.internal.InternalThreadLocalMap - -Dio.netty.threadLocalMap.stringBuilder.initialSize: 1024
15:01:39.392 [main] DEBUG io.netty.util.internal.InternalThreadLocalMap - -Dio.netty.threadLocalMap.stringBuilder.maxSize: 4096
15:01:39.445 [main] DEBUG io.netty.handler.ssl.JdkSslContext - Default protocols (JDK): [TLSv1.3, TLSv1.2] 
15:01:39.445 [main] DEBUG io.netty.handler.ssl.JdkSslContext - Default cipher suites (JDK): [TLS_ECDHE_ECDSA_WITH_AES_256_GCM_SHA384, TLS_ECDHE_ECDSA_WITH_AES_128_GCM_SHA256, TLS_ECDHE_RSA_WITH_AES_128_GCM_SHA256, TLS_ECDHE_RSA_WITH_AES_256_GCM_SHA384, TLS_ECDHE_RSA_WITH_AES_128_CBC_SHA, TLS_ECDHE_RSA_WITH_AES_256_CBC_SHA, TLS_RSA_WITH_AES_128_GCM_SHA256, TLS_RSA_WITH_AES_128_CBC_SHA, TLS_RSA_WITH_AES_256_CBC_SHA, TLS_AES_128_GCM_SHA256, TLS_AES_256_GCM_SHA384]
15:01:39.462 [main] DEBUG io.netty.channel.MultithreadEventLoopGroup - -Dio.netty.eventLoopThreads: 8
15:01:39.470 [main] DEBUG io.netty.channel.nio.NioEventLoop - -Dio.netty.noKeySetOptimization: false
15:01:39.470 [main] DEBUG io.netty.channel.nio.NioEventLoop - -Dio.netty.selectorAutoRebuildThreshold: 512
15:01:39.500 [main] DEBUG io.netty.buffer.PooledByteBufAllocator - -Dio.netty.allocator.numHeapArenas: 8
15:01:39.500 [main] DEBUG io.netty.buffer.PooledByteBufAllocator - -Dio.netty.allocator.numDirectArenas: 8
15:01:39.500 [main] DEBUG io.netty.buffer.PooledByteBufAllocator - -Dio.netty.allocator.pageSize: 8192
15:01:39.500 [main] DEBUG io.netty.buffer.PooledByteBufAllocator - -Dio.netty.allocator.maxOrder: 11
15:01:39.500 [main] DEBUG io.netty.buffer.PooledByteBufAllocator - -Dio.netty.allocator.chunkSize: 16777216
15:01:39.500 [main] DEBUG io.netty.buffer.PooledByteBufAllocator - -Dio.netty.allocator.smallCacheSize: 256
15:01:39.500 [main] DEBUG io.netty.buffer.PooledByteBufAllocator - -Dio.netty.allocator.normalCacheSize: 64
15:01:39.500 [main] DEBUG io.netty.buffer.PooledByteBufAllocator - -Dio.netty.allocator.maxCachedBufferCapacity: 32768
15:01:39.500 [main] DEBUG io.netty.buffer.PooledByteBufAllocator - -Dio.netty.allocator.cacheTrimInterval: 8192
15:01:39.500 [main] DEBUG io.netty.buffer.PooledByteBufAllocator - -Dio.netty.allocator.cacheTrimIntervalMillis: 0
15:01:39.500 [main] DEBUG io.netty.buffer.PooledByteBufAllocator - -Dio.netty.allocator.useCacheForAllThreads: true
15:01:39.500 [main] DEBUG io.netty.buffer.PooledByteBufAllocator - -Dio.netty.allocator.maxCachedByteBuffersPerChunk: 1023
15:01:39.510 [main] DEBUG io.netty.buffer.ByteBufUtil - -Dio.netty.allocator.type: pooled
15:01:39.510 [main] DEBUG io.netty.buffer.ByteBufUtil - -Dio.netty.threadLocalDirectBufferSize: 0
15:01:39.510 [main] DEBUG io.netty.buffer.ByteBufUtil - -Dio.netty.maxThreadLocalCharBufferSize: 16384
15:01:39.680 [main] DEBUG net.serenitybdd.core.webdriver.driverproviders.ProvideNewDriver - Instantiating driver
15:01:39.680 [main] DEBUG net.serenitybdd.core.webdriver.driverproviders.ProvideNewDriver - Driver capabilities: Capabilities {acceptInsecureCerts: false, base.url: https://demoqa.com/books, browserName: chrome, chrome.driver: src/test/resources/webdrive..., driver: chrome, goog:chromeOptions: {args: [], extensions: []}}
15:01:39.882 [Forwarding newSession on session null to remote] DEBUG io.netty.channel.DefaultChannelId - -Dio.netty.processId: 19212 (auto-detected)
15:01:39.885 [Forwarding newSession on session null to remote] DEBUG io.netty.util.NetUtil - -Djava.net.preferIPv4Stack: false
15:01:39.885 [Forwarding newSession on session null to remote] DEBUG io.netty.util.NetUtil - -Djava.net.preferIPv6Addresses: false
15:01:39.990 [Forwarding newSession on session null to remote] DEBUG io.netty.util.NetUtilInitializations - Loopback interface: lo (Software Loopback Interface 1, 127.0.0.1)
15:01:39.991 [Forwarding newSession on session null to remote] DEBUG io.netty.util.NetUtil - Failed to get SOMAXCONN from sysctl and file \proc\sys\net\core\somaxconn. Default: 200
15:01:40.098 [Forwarding newSession on session null to remote] DEBUG io.netty.channel.DefaultChannelId - -Dio.netty.machineId: 74:4c:a1:ff:fe:7c:2c:b9 (auto-detected)
15:01:40.133 [AsyncHttpClient-1-2] DEBUG io.netty.buffer.AbstractByteBuf - -Dio.netty.buffer.checkAccessible: true
15:01:40.134 [AsyncHttpClient-1-2] DEBUG io.netty.buffer.AbstractByteBuf - -Dio.netty.buffer.checkBounds: true
15:01:40.134 [AsyncHttpClient-1-2] DEBUG io.netty.util.ResourceLeakDetectorFactory - Loaded default ResourceLeakDetector: io.netty.util.ResourceLeakDetector@50882f6f
15:01:40.146 [AsyncHttpClient-1-2] DEBUG org.asynchttpclient.netty.channel.NettyConnectListener - Using new Channel '[id: 0x37457d2e, L:/127.0.0.1:58258 - R:localhost/127.0.0.1:61765]' for 'POST' to '/session'
15:01:40.161 [AsyncHttpClient-1-2] DEBUG io.netty.util.Recycler - -Dio.netty.recycler.maxCapacityPerThread: 4096
15:01:40.161 [AsyncHttpClient-1-2] DEBUG io.netty.util.Recycler - -Dio.netty.recycler.ratio: 8
15:01:40.161 [AsyncHttpClient-1-2] DEBUG io.netty.util.Recycler - -Dio.netty.recycler.chunkSize: 32
15:01:40.161 [AsyncHttpClient-1-2] DEBUG io.netty.util.Recycler - -Dio.netty.recycler.blocking: false
15:01:40.802 [AsyncHttpClient-1-2] DEBUG io.netty.handler.codec.compression.Brotli - brotli4j not in the classpath; Brotli support will be unavailable.
15:01:40.803 [AsyncHttpClient-1-2] DEBUG org.asynchttpclient.netty.handler.HttpHandler - 

Request DefaultHttpRequest(decodeResult: success, version: HTTP/1.1)
POST /session HTTP/1.1
User-Agent: selenium/4.1.2 (java windows)
Content-Length: 610
Content-Type: application/json; charset=utf-8
host: localhost:61765
accept: */*

Response DefaultHttpResponse(decodeResult: success, version: HTTP/1.1)
HTTP/1.1 200 OK
Content-Type: application/json; charset=utf-8
cache-control: no-cache
content-length: 790

15:01:40.811 [AsyncHttpClient-1-2] DEBUG org.asynchttpclient.netty.channel.ChannelManager - Adding key: http://localhost:61765 for channel [id: 0x37457d2e, L:/127.0.0.1:58258 - R:localhost/127.0.0.1:61765]
15:01:40.917 [AsyncHttpClient-1-3] DEBUG org.asynchttpclient.netty.channel.NettyConnectListener - Using new Channel '[id: 0xd0e216b2, L:/127.0.0.1:58265 - R:localhost/127.0.0.1:58259]' for 'GET' to '/json/version'
15:01:40.929 [AsyncHttpClient-1-3] DEBUG org.asynchttpclient.netty.handler.HttpHandler - 

Request DefaultFullHttpRequest(decodeResult: success, version: HTTP/1.1, content: EmptyByteBufBE)
GET /json/version HTTP/1.1
User-Agent: selenium/4.1.2 (java windows)
host: localhost:58259
accept: */*

Response DefaultHttpResponse(decodeResult: success, version: HTTP/1.1)
HTTP/1.1 200 OK
Content-Type: application/json; charset=UTF-8
content-length: 423

15:01:40.930 [AsyncHttpClient-1-3] DEBUG org.asynchttpclient.netty.channel.ChannelManager - Adding key: http://localhost:58259 for channel [id: 0xd0e216b2, L:/127.0.0.1:58265 - R:localhost/127.0.0.1:58259]
15:01:40.937 [main] DEBUG io.netty.util.internal.ThreadLocalRandom - -Dio.netty.initialSeedUniquifier: 0x28936fa76455792b
15:01:40.967 [AsyncHttpClient-1-4] DEBUG org.asynchttpclient.netty.channel.NettyConnectListener - Using new Channel '[id: 0x8c68d275, L:/127.0.0.1:58266 - R:localhost/127.0.0.1:58259]' for 'GET' to '/devtools/browser/ee5ceff9-6d98-41c5-98d2-7e55a0cfaebb'
15:01:40.979 [AsyncHttpClient-1-4] DEBUG org.asynchttpclient.netty.handler.WebSocketHandler - 

Request DefaultFullHttpRequest(decodeResult: success, version: HTTP/1.1, content: EmptyByteBufBE)
GET /devtools/browser/ee5ceff9-6d98-41c5-98d2-7e55a0cfaebb HTTP/1.1
upgrade: websocket
connection: upgrade
sec-websocket-key: tgWJAr3Slm+fq+cvfopUdw==
sec-websocket-version: 13
origin: http://localhost:58259
host: localhost:58259
accept: */*
user-agent: AHC/2.1

Response DefaultHttpResponse(decodeResult: success, version: HTTP/1.1)
HTTP/1.1 101 WebSocket Protocol Handshake
Upgrade: WebSocket
Connection: Upgrade
Sec-WebSocket-Accept: 6HhHBybwR5TlqZXFQQu0tLe0sik=

15:01:41.595 [AsyncHttpClient-1-1] DEBUG org.asynchttpclient.netty.channel.DefaultChannelPool - Entry count for : http://localhost:58259 : 1
15:01:41.596 [AsyncHttpClient-1-1] DEBUG org.asynchttpclient.netty.channel.DefaultChannelPool - Entry count for : http://localhost:61765 : 1
15:01:41.771 [main] DEBUG net.thucydides.core.reflection.ClassFinder - Could not load class .starter.CucumberTestSuite
15:01:41.771 [main] DEBUG net.thucydides.core.reflection.ClassFinder - Could not load class .starter.pages.LoginPage
15:01:41.771 [main] DEBUG net.thucydides.core.reflection.ClassFinder - Could not load class .starter.stepdefinitions.LoginStep
15:01:41.772 [main] DEBUG net.thucydides.core.reflection.ClassFinder - Could not load class META-INF.versions.9.com.sun.istack.logging.StackHelper
15:01:41.772 [main] DEBUG net.thucydides.core.reflection.ClassFinder - Could not load class META-INF.versions.9.com.sun.xml.bind.v2.runtime.reflect.opt.AccessorInjector
15:01:41.772 [main] DEBUG net.thucydides.core.reflection.ClassFinder - Could not load class META-INF.versions.9.com.sun.xml.bind.v2.runtime.reflect.opt.Injector
15:01:41.772 [main] DEBUG net.thucydides.core.reflection.ClassFinder - Could not load class META-INF.versions.9.com.sun.xml.bind.v2.runtime.reflect.opt.OptimizedAccessorFactory
15:01:41.773 [main] DEBUG net.thucydides.core.reflection.ClassFinder - Could not load class META-INF.versions.9.com.sun.xml.bind.v2.runtime.reflect.opt.OptimizedTransducedAccessorFactory
15:01:41.773 [main] DEBUG net.thucydides.core.reflection.ClassFinder - Could not load class META-INF.versions.9.io.opentelemetry.sdk.internal.CurrentJavaVersionSpecific
15:01:41.773 [main] DEBUG net.thucydides.core.reflection.ClassFinder - Could not load class META-INF.versions.9.io.opentelemetry.sdk.internal.Java9VersionSpecific
15:01:41.773 [main] DEBUG net.thucydides.core.reflection.ClassFinder - Could not load class META-INF.versions.9.javax.xml.bind.ModuleUtil
15:01:41.773 [main] DEBUG net.thucydides.core.reflection.ClassFinder - Could not load class META-INF.versions.9.module-info
15:01:41.774 [main] DEBUG net.thucydides.core.reflection.ClassFinder - Could not load class META-INF.versions.9.org.junit.platform.commons.util.ModuleUtils
15:01:41.775 [main] DEBUG net.thucydides.core.reflection.ClassFinder - Could not load class com.google.gson.internal.
15:01:41.776 [main] DEBUG net.thucydides.core.reflection.ClassFinder - Could not load class com.sun.xml.bind.v2.runtime.output.FastInfosetStreamWriterOutput
15:01:41.778 [main] DEBUG net.thucydides.core.reflection.ClassFinder - Could not load class module-info
15:01:41.792 [Forwarding get on session b34e973d1071c1ff3d32e17ab70330aa to remote] DEBUG org.asynchttpclient.netty.request.NettyRequestSender - Using pooled Channel '[id: 0x37457d2e, L:/127.0.0.1:58258 - R:localhost/127.0.0.1:61765]' for 'POST' to 'http://localhost:61765/session/b34e973d1071c1ff3d32e17ab70330aa/url'
15:01:41.792 [Forwarding get on session b34e973d1071c1ff3d32e17ab70330aa to remote] DEBUG org.asynchttpclient.netty.request.NettyRequestSender - Using open Channel [id: 0x37457d2e, L:/127.0.0.1:58258 - R:localhost/127.0.0.1:61765] for POST '/session/b34e973d1071c1ff3d32e17ab70330aa/url'
15:01:42.682 [AsyncHttpClient-1-1] DEBUG org.asynchttpclient.netty.channel.DefaultChannelPool - Entry count for : http://localhost:58259 : 1
15:01:43.781 [AsyncHttpClient-1-1] DEBUG org.asynchttpclient.netty.channel.DefaultChannelPool - Entry count for : http://localhost:58259 : 1
15:01:44.880 [AsyncHttpClient-1-1] DEBUG org.asynchttpclient.netty.channel.DefaultChannelPool - Entry count for : http://localhost:58259 : 1
15:01:45.980 [AsyncHttpClient-1-1] DEBUG org.asynchttpclient.netty.channel.DefaultChannelPool - Entry count for : http://localhost:58259 : 1
15:01:47.081 [AsyncHttpClient-1-1] DEBUG org.asynchttpclient.netty.channel.DefaultChannelPool - Entry count for : http://localhost:58259 : 1
15:01:48.180 [AsyncHttpClient-1-1] DEBUG org.asynchttpclient.netty.channel.DefaultChannelPool - Entry count for : http://localhost:58259 : 1
15:01:49.281 [AsyncHttpClient-1-1] DEBUG org.asynchttpclient.netty.channel.DefaultChannelPool - Entry count for : http://localhost:58259 : 1
15:01:50.380 [AsyncHttpClient-1-1] DEBUG org.asynchttpclient.netty.channel.DefaultChannelPool - Entry count for : http://localhost:58259 : 1
15:01:51.481 [AsyncHttpClient-1-1] DEBUG org.asynchttpclient.netty.channel.DefaultChannelPool - Entry count for : http://localhost:58259 : 1
15:01:52.580 [AsyncHttpClient-1-1] DEBUG org.asynchttpclient.netty.channel.DefaultChannelPool - Entry count for : http://localhost:58259 : 1
15:01:53.145 [AsyncHttpClient-1-2] DEBUG org.asynchttpclient.netty.handler.HttpHandler - 

Request DefaultHttpRequest(decodeResult: success, version: HTTP/1.1)
POST /session/b34e973d1071c1ff3d32e17ab70330aa/url HTTP/1.1
User-Agent: selenium/4.1.2 (java windows)
Content-Length: 60
Content-Type: application/json; charset=utf-8
host: localhost:61765
accept: */*

Response DefaultHttpResponse(decodeResult: success, version: HTTP/1.1)
HTTP/1.1 200 OK
Content-Type: application/json; charset=utf-8
cache-control: no-cache
content-length: 14

15:01:53.146 [AsyncHttpClient-1-2] DEBUG org.asynchttpclient.netty.channel.ChannelManager - Adding key: http://localhost:61765 for channel [id: 0x37457d2e, L:/127.0.0.1:58258 - R:localhost/127.0.0.1:61765]
15:01:53.152 [Forwarding setTimeout on session b34e973d1071c1ff3d32e17ab70330aa to remote] DEBUG org.asynchttpclient.netty.request.NettyRequestSender - Using pooled Channel '[id: 0x37457d2e, L:/127.0.0.1:58258 - R:localhost/127.0.0.1:61765]' for 'POST' to 'http://localhost:61765/session/b34e973d1071c1ff3d32e17ab70330aa/timeouts'
15:01:53.152 [Forwarding setTimeout on session b34e973d1071c1ff3d32e17ab70330aa to remote] DEBUG org.asynchttpclient.netty.request.NettyRequestSender - Using open Channel [id: 0x37457d2e, L:/127.0.0.1:58258 - R:localhost/127.0.0.1:61765] for POST '/session/b34e973d1071c1ff3d32e17ab70330aa/timeouts'
15:01:53.155 [AsyncHttpClient-1-2] DEBUG org.asynchttpclient.netty.handler.HttpHandler - 

Request DefaultHttpRequest(decodeResult: success, version: HTTP/1.1)
POST /session/b34e973d1071c1ff3d32e17ab70330aa/timeouts HTTP/1.1
User-Agent: selenium/4.1.2 (java windows)
Content-Length: 22
Content-Type: application/json; charset=utf-8
host: localhost:61765
accept: */*

Response DefaultHttpResponse(decodeResult: success, version: HTTP/1.1)
HTTP/1.1 200 OK
Content-Type: application/json; charset=utf-8
cache-control: no-cache
content-length: 14

15:01:53.155 [AsyncHttpClient-1-2] DEBUG org.asynchttpclient.netty.channel.ChannelManager - Adding key: http://localhost:61765 for channel [id: 0x37457d2e, L:/127.0.0.1:58258 - R:localhost/127.0.0.1:61765]
15:01:53.163 [Forwarding getCurrentUrl on session b34e973d1071c1ff3d32e17ab70330aa to remote] DEBUG org.asynchttpclient.netty.request.NettyRequestSender - Using pooled Channel '[id: 0x37457d2e, L:/127.0.0.1:58258 - R:localhost/127.0.0.1:61765]' for 'GET' to 'http://localhost:61765/session/b34e973d1071c1ff3d32e17ab70330aa/url'
15:01:53.163 [Forwarding getCurrentUrl on session b34e973d1071c1ff3d32e17ab70330aa to remote] DEBUG org.asynchttpclient.netty.request.NettyRequestSender - Using open Channel [id: 0x37457d2e, L:/127.0.0.1:58258 - R:localhost/127.0.0.1:61765] for GET '/session/b34e973d1071c1ff3d32e17ab70330aa/url'
15:01:53.169 [AsyncHttpClient-1-2] DEBUG org.asynchttpclient.netty.handler.HttpHandler - 

Request DefaultFullHttpRequest(decodeResult: success, version: HTTP/1.1, content: EmptyByteBufBE)
GET /session/b34e973d1071c1ff3d32e17ab70330aa/url HTTP/1.1
User-Agent: selenium/4.1.2 (java windows)
Cache-Control: no-cache
Content-Type: application/json; charset=utf-8
host: localhost:61765
accept: */*

Response DefaultHttpResponse(decodeResult: success, version: HTTP/1.1)
HTTP/1.1 200 OK
Content-Type: application/json; charset=utf-8
cache-control: no-cache
content-length: 37

15:01:53.169 [AsyncHttpClient-1-2] DEBUG org.asynchttpclient.netty.channel.ChannelManager - Adding key: http://localhost:61765 for channel [id: 0x37457d2e, L:/127.0.0.1:58258 - R:localhost/127.0.0.1:61765]
  &amp#27;[32mGiven &amp#27;[0m&amp#27;[32mI am on the books page&amp#27;[0m                         &amp#27;[90m# starter.stepdefinitions.LoginStep.iAmOnTheBooksPage()&amp#27;[0m
15:01:53.188 [main] DEBUG net.serenitybdd.core.photography.Darkroom - Opening darkroom
15:01:53.193 [Forwarding screenshot on session b34e973d1071c1ff3d32e17ab70330aa to remote] DEBUG org.asynchttpclient.netty.request.NettyRequestSender - Using pooled Channel '[id: 0x37457d2e, L:/127.0.0.1:58258 - R:localhost/127.0.0.1:61765]' for 'GET' to 'http://localhost:61765/session/b34e973d1071c1ff3d32e17ab70330aa/screenshot'
15:01:53.193 [Forwarding screenshot on session b34e973d1071c1ff3d32e17ab70330aa to remote] DEBUG org.asynchttpclient.netty.request.NettyRequestSender - Using open Channel [id: 0x37457d2e, L:/127.0.0.1:58258 - R:localhost/127.0.0.1:61765] for GET '/session/b34e973d1071c1ff3d32e17ab70330aa/screenshot'
15:01:53.209 [Darkroom Processing Line] DEBUG net.serenitybdd.core.photography.DarkroomProcessingLine - Darkroom processing line starting up
15:01:53.375 [AsyncHttpClient-1-2] DEBUG org.asynchttpclient.netty.handler.HttpHandler - 

Request DefaultFullHttpRequest(decodeResult: success, version: HTTP/1.1, content: EmptyByteBufBE)
GET /session/b34e973d1071c1ff3d32e17ab70330aa/screenshot HTTP/1.1
User-Agent: selenium/4.1.2 (java windows)
Cache-Control: no-cache
Content-Type: application/json; charset=utf-8
host: localhost:61765
accept: */*

Response DefaultHttpResponse(decodeResult: success, version: HTTP/1.1)
HTTP/1.1 200 OK
Content-Type: application/json; charset=utf-8
cache-control: no-cache
content-length: 490804

15:01:53.380 [AsyncHttpClient-1-2] DEBUG org.asynchttpclient.netty.channel.ChannelManager - Adding key: http://localhost:61765 for channel [id: 0x37457d2e, L:/127.0.0.1:58258 - R:localhost/127.0.0.1:61765]
15:01:53.513 [main] DEBUG net.serenitybdd.core.photography.Darkroom - Send negative for processing for target\site\serenity\acf958c44b7dc155d6c2b98837e033e877c77bc0fe9dcf57a532c553cce0ca5e.png
15:01:53.517 [Darkroom Processing Line] DEBUG net.serenitybdd.core.photography.DarkroomProcessingLine - Processing screenshot image in /var/screenshots/screenshot-10885854426671920964
15:01:53.517 [Darkroom Processing Line] DEBUG net.serenitybdd.core.photography.DarkroomProcessingLine - Saving screenshot to target\site\serenity\acf958c44b7dc155d6c2b98837e033e877c77bc0fe9dcf57a532c553cce0ca5e.png
15:01:53.555 [Forwarding findElement on session b34e973d1071c1ff3d32e17ab70330aa to remote] DEBUG org.asynchttpclient.netty.request.NettyRequestSender - Using pooled Channel '[id: 0x37457d2e, L:/127.0.0.1:58258 - R:localhost/127.0.0.1:61765]' for 'POST' to 'http://localhost:61765/session/b34e973d1071c1ff3d32e17ab70330aa/element'
15:01:53.555 [Forwarding findElement on session b34e973d1071c1ff3d32e17ab70330aa to remote] DEBUG org.asynchttpclient.netty.request.NettyRequestSender - Using open Channel [id: 0x37457d2e, L:/127.0.0.1:58258 - R:localhost/127.0.0.1:61765] for POST '/session/b34e973d1071c1ff3d32e17ab70330aa/element'
15:01:53.585 [AsyncHttpClient-1-2] DEBUG org.asynchttpclient.netty.handler.HttpHandler - 

Request DefaultHttpRequest(decodeResult: success, version: HTTP/1.1)
POST /session/b34e973d1071c1ff3d32e17ab70330aa/element HTTP/1.1
User-Agent: selenium/4.1.2 (java windows)
Content-Length: 50
Content-Type: application/json; charset=utf-8
host: localhost:61765
accept: */*

Response DefaultHttpResponse(decodeResult: success, version: HTTP/1.1)
HTTP/1.1 200 OK
Content-Type: application/json; charset=utf-8
cache-control: no-cache
content-length: 88

15:01:53.585 [AsyncHttpClient-1-2] DEBUG org.asynchttpclient.netty.channel.ChannelManager - Adding key: http://localhost:61765 for channel [id: 0x37457d2e, L:/127.0.0.1:58258 - R:localhost/127.0.0.1:61765]
15:01:53.588 [Forwarding getElementTagName on session b34e973d1071c1ff3d32e17ab70330aa to remote] DEBUG org.asynchttpclient.netty.request.NettyRequestSender - Using pooled Channel '[id: 0x37457d2e, L:/127.0.0.1:58258 - R:localhost/127.0.0.1:61765]' for 'GET' to 'http://localhost:61765/session/b34e973d1071c1ff3d32e17ab70330aa/element/c5221113-1c4c-46eb-af2f-f6cb51bb827a/name'
15:01:53.588 [Forwarding getElementTagName on session b34e973d1071c1ff3d32e17ab70330aa to remote] DEBUG org.asynchttpclient.netty.request.NettyRequestSender - Using open Channel [id: 0x37457d2e, L:/127.0.0.1:58258 - R:localhost/127.0.0.1:61765] for GET '/session/b34e973d1071c1ff3d32e17ab70330aa/element/c5221113-1c4c-46eb-af2f-f6cb51bb827a/name'
15:01:53.593 [AsyncHttpClient-1-2] DEBUG org.asynchttpclient.netty.handler.HttpHandler - 

Request DefaultFullHttpRequest(decodeResult: success, version: HTTP/1.1, content: EmptyByteBufBE)
GET /session/b34e973d1071c1ff3d32e17ab70330aa/element/c5221113-1c4c-46eb-af2f-f6cb51bb827a/name HTTP/1.1
User-Agent: selenium/4.1.2 (java windows)
Cache-Control: no-cache
Content-Type: application/json; charset=utf-8
host: localhost:61765
accept: */*

Response DefaultHttpResponse(decodeResult: success, version: HTTP/1.1)
HTTP/1.1 200 OK
Content-Type: application/json; charset=utf-8
cache-control: no-cache
content-length: 18

15:01:53.594 [AsyncHttpClient-1-2] DEBUG org.asynchttpclient.netty.channel.ChannelManager - Adding key: http://localhost:61765 for channel [id: 0x37457d2e, L:/127.0.0.1:58258 - R:localhost/127.0.0.1:61765]
15:01:53.596 [Forwarding getElementTagName on session b34e973d1071c1ff3d32e17ab70330aa to remote] DEBUG org.asynchttpclient.netty.request.NettyRequestSender - Using pooled Channel '[id: 0x37457d2e, L:/127.0.0.1:58258 - R:localhost/127.0.0.1:61765]' for 'GET' to 'http://localhost:61765/session/b34e973d1071c1ff3d32e17ab70330aa/element/c5221113-1c4c-46eb-af2f-f6cb51bb827a/name'
15:01:53.596 [Forwarding getElementTagName on session b34e973d1071c1ff3d32e17ab70330aa to remote] DEBUG org.asynchttpclient.netty.request.NettyRequestSender - Using open Channel [id: 0x37457d2e, L:/127.0.0.1:58258 - R:localhost/127.0.0.1:61765] for GET '/session/b34e973d1071c1ff3d32e17ab70330aa/element/c5221113-1c4c-46eb-af2f-f6cb51bb827a/name'
15:01:53.599 [AsyncHttpClient-1-2] DEBUG org.asynchttpclient.netty.handler.HttpHandler - 

Request DefaultFullHttpRequest(decodeResult: success, version: HTTP/1.1, content: EmptyByteBufBE)
GET /session/b34e973d1071c1ff3d32e17ab70330aa/element/c5221113-1c4c-46eb-af2f-f6cb51bb827a/name HTTP/1.1
User-Agent: selenium/4.1.2 (java windows)
Cache-Control: no-cache
Content-Type: application/json; charset=utf-8
host: localhost:61765
accept: */*

Response DefaultHttpResponse(decodeResult: success, version: HTTP/1.1)
HTTP/1.1 200 OK
Content-Type: application/json; charset=utf-8
cache-control: no-cache
content-length: 18

15:01:53.600 [AsyncHttpClient-1-2] DEBUG org.asynchttpclient.netty.channel.ChannelManager - Adding key: http://localhost:61765 for channel [id: 0x37457d2e, L:/127.0.0.1:58258 - R:localhost/127.0.0.1:61765]
15:01:53.604 [Forwarding isElementEnabled on session b34e973d1071c1ff3d32e17ab70330aa to remote] DEBUG org.asynchttpclient.netty.request.NettyRequestSender - Using pooled Channel '[id: 0x37457d2e, L:/127.0.0.1:58258 - R:localhost/127.0.0.1:61765]' for 'GET' to 'http://localhost:61765/session/b34e973d1071c1ff3d32e17ab70330aa/element/c5221113-1c4c-46eb-af2f-f6cb51bb827a/enabled'
15:01:53.604 [Forwarding isElementEnabled on session b34e973d1071c1ff3d32e17ab70330aa to remote] DEBUG org.asynchttpclient.netty.request.NettyRequestSender - Using open Channel [id: 0x37457d2e, L:/127.0.0.1:58258 - R:localhost/127.0.0.1:61765] for GET '/session/b34e973d1071c1ff3d32e17ab70330aa/element/c5221113-1c4c-46eb-af2f-f6cb51bb827a/enabled'
15:01:53.612 [AsyncHttpClient-1-2] DEBUG org.asynchttpclient.netty.handler.HttpHandler - 

Request DefaultFullHttpRequest(decodeResult: success, version: HTTP/1.1, content: EmptyByteBufBE)
GET /session/b34e973d1071c1ff3d32e17ab70330aa/element/c5221113-1c4c-46eb-af2f-f6cb51bb827a/enabled HTTP/1.1
User-Agent: selenium/4.1.2 (java windows)
Cache-Control: no-cache
Content-Type: application/json; charset=utf-8
host: localhost:61765
accept: */*

Response DefaultHttpResponse(decodeResult: success, version: HTTP/1.1)
HTTP/1.1 200 OK
Content-Type: application/json; charset=utf-8
cache-control: no-cache
content-length: 14

15:01:53.612 [AsyncHttpClient-1-2] DEBUG org.asynchttpclient.netty.channel.ChannelManager - Adding key: http://localhost:61765 for channel [id: 0x37457d2e, L:/127.0.0.1:58258 - R:localhost/127.0.0.1:61765]
15:01:53.616 [Forwarding isElementEnabled on session b34e973d1071c1ff3d32e17ab70330aa to remote] DEBUG org.asynchttpclient.netty.request.NettyRequestSender - Using pooled Channel '[id: 0x37457d2e, L:/127.0.0.1:58258 - R:localhost/127.0.0.1:61765]' for 'GET' to 'http://localhost:61765/session/b34e973d1071c1ff3d32e17ab70330aa/element/c5221113-1c4c-46eb-af2f-f6cb51bb827a/enabled'
15:01:53.616 [Forwarding isElementEnabled on session b34e973d1071c1ff3d32e17ab70330aa to remote] DEBUG org.asynchttpclient.netty.request.NettyRequestSender - Using open Channel [id: 0x37457d2e, L:/127.0.0.1:58258 - R:localhost/127.0.0.1:61765] for GET '/session/b34e973d1071c1ff3d32e17ab70330aa/element/c5221113-1c4c-46eb-af2f-f6cb51bb827a/enabled'
15:01:53.621 [AsyncHttpClient-1-2] DEBUG org.asynchttpclient.netty.handler.HttpHandler - 

Request DefaultFullHttpRequest(decodeResult: success, version: HTTP/1.1, content: EmptyByteBufBE)
GET /session/b34e973d1071c1ff3d32e17ab70330aa/element/c5221113-1c4c-46eb-af2f-f6cb51bb827a/enabled HTTP/1.1
User-Agent: selenium/4.1.2 (java windows)
Cache-Control: no-cache
Content-Type: application/json; charset=utf-8
host: localhost:61765
accept: */*

Response DefaultHttpResponse(decodeResult: success, version: HTTP/1.1)
HTTP/1.1 200 OK
Content-Type: application/json; charset=utf-8
cache-control: no-cache
content-length: 14

15:01:53.622 [AsyncHttpClient-1-2] DEBUG org.asynchttpclient.netty.channel.ChannelManager - Adding key: http://localhost:61765 for channel [id: 0x37457d2e, L:/127.0.0.1:58258 - R:localhost/127.0.0.1:61765]
15:01:53.624 [Forwarding findElement on session b34e973d1071c1ff3d32e17ab70330aa to remote] DEBUG org.asynchttpclient.netty.request.NettyRequestSender - Using pooled Channel '[id: 0x37457d2e, L:/127.0.0.1:58258 - R:localhost/127.0.0.1:61765]' for 'POST' to 'http://localhost:61765/session/b34e973d1071c1ff3d32e17ab70330aa/element'
15:01:53.624 [Forwarding findElement on session b34e973d1071c1ff3d32e17ab70330aa to remote] DEBUG org.asynchttpclient.netty.request.NettyRequestSender - Using open Channel [id: 0x37457d2e, L:/127.0.0.1:58258 - R:localhost/127.0.0.1:61765] for POST '/session/b34e973d1071c1ff3d32e17ab70330aa/element'
15:01:53.631 [AsyncHttpClient-1-2] DEBUG org.asynchttpclient.netty.handler.HttpHandler - 

Request DefaultHttpRequest(decodeResult: success, version: HTTP/1.1)
POST /session/b34e973d1071c1ff3d32e17ab70330aa/element HTTP/1.1
User-Agent: selenium/4.1.2 (java windows)
Content-Length: 50
Content-Type: application/json; charset=utf-8
host: localhost:61765
accept: */*

Response DefaultHttpResponse(decodeResult: success, version: HTTP/1.1)
HTTP/1.1 200 OK
Content-Type: application/json; charset=utf-8
cache-control: no-cache
content-length: 88

15:01:53.631 [AsyncHttpClient-1-2] DEBUG org.asynchttpclient.netty.channel.ChannelManager - Adding key: http://localhost:61765 for channel [id: 0x37457d2e, L:/127.0.0.1:58258 - R:localhost/127.0.0.1:61765]
15:01:53.633 [Forwarding clickElement on session b34e973d1071c1ff3d32e17ab70330aa to remote] DEBUG org.asynchttpclient.netty.request.NettyRequestSender - Using pooled Channel '[id: 0x37457d2e, L:/127.0.0.1:58258 - R:localhost/127.0.0.1:61765]' for 'POST' to 'http://localhost:61765/session/b34e973d1071c1ff3d32e17ab70330aa/element/c5221113-1c4c-46eb-af2f-f6cb51bb827a/click'
15:01:53.633 [Forwarding clickElement on session b34e973d1071c1ff3d32e17ab70330aa to remote] DEBUG org.asynchttpclient.netty.request.NettyRequestSender - Using open Channel [id: 0x37457d2e, L:/127.0.0.1:58258 - R:localhost/127.0.0.1:61765] for POST '/session/b34e973d1071c1ff3d32e17ab70330aa/element/c5221113-1c4c-46eb-af2f-f6cb51bb827a/click'
15:01:53.681 [AsyncHttpClient-1-1] DEBUG org.asynchttpclient.netty.channel.DefaultChannelPool - Entry count for : http://localhost:58259 : 1
15:01:53.695 [AsyncHttpClient-1-2] DEBUG org.asynchttpclient.netty.handler.HttpHandler - 

Request DefaultHttpRequest(decodeResult: success, version: HTTP/1.1)
POST /session/b34e973d1071c1ff3d32e17ab70330aa/element/c5221113-1c4c-46eb-af2f-f6cb51bb827a/click HTTP/1.1
User-Agent: selenium/4.1.2 (java windows)
Content-Length: 50
Content-Type: application/json; charset=utf-8
host: localhost:61765
accept: */*

Response DefaultHttpResponse(decodeResult: success, version: HTTP/1.1)
HTTP/1.1 200 OK
Content-Type: application/json; charset=utf-8
cache-control: no-cache
content-length: 14

15:01:53.695 [AsyncHttpClient-1-2] DEBUG org.asynchttpclient.netty.channel.ChannelManager - Adding key: http://localhost:61765 for channel [id: 0x37457d2e, L:/127.0.0.1:58258 - R:localhost/127.0.0.1:61765]
  &amp#27;[32mAnd &amp#27;[0m&amp#27;[32mI click Login button&amp#27;[0m                             &amp#27;[90m# starter.stepdefinitions.LoginStep.iClickLoginButton()&amp#27;[0m
15:01:53.703 [Forwarding screenshot on session b34e973d1071c1ff3d32e17ab70330aa to remote] DEBUG org.asynchttpclient.netty.request.NettyRequestSender - Using pooled Channel '[id: 0x37457d2e, L:/127.0.0.1:58258 - R:localhost/127.0.0.1:61765]' for 'GET' to 'http://localhost:61765/session/b34e973d1071c1ff3d32e17ab70330aa/screenshot'
15:01:53.704 [Forwarding screenshot on session b34e973d1071c1ff3d32e17ab70330aa to remote] DEBUG org.asynchttpclient.netty.request.NettyRequestSender - Using open Channel [id: 0x37457d2e, L:/127.0.0.1:58258 - R:localhost/127.0.0.1:61765] for GET '/session/b34e973d1071c1ff3d32e17ab70330aa/screenshot'
15:01:53.929 [AsyncHttpClient-1-2] DEBUG org.asynchttpclient.netty.handler.HttpHandler - 

Request DefaultFullHttpRequest(decodeResult: success, version: HTTP/1.1, content: EmptyByteBufBE)
GET /session/b34e973d1071c1ff3d32e17ab70330aa/screenshot HTTP/1.1
User-Agent: selenium/4.1.2 (java windows)
Cache-Control: no-cache
Content-Type: application/json; charset=utf-8
host: localhost:61765
accept: */*

Response DefaultHttpResponse(decodeResult: success, version: HTTP/1.1)
HTTP/1.1 200 OK
Content-Type: application/json; charset=utf-8
cache-control: no-cache
content-length: 488964

15:01:53.932 [AsyncHttpClient-1-2] DEBUG org.asynchttpclient.netty.channel.ChannelManager - Adding key: http://localhost:61765 for channel [id: 0x37457d2e, L:/127.0.0.1:58258 - R:localhost/127.0.0.1:61765]
15:01:53.944 [main] DEBUG net.serenitybdd.core.photography.Darkroom - Send negative for processing for target\site\serenity\9d5d40e9c14afad3ee1b98d06ce85b510a480428d6beadc3c3e2ed2037622597.png
15:01:53.944 [Darkroom Processing Line] DEBUG net.serenitybdd.core.photography.DarkroomProcessingLine - Processing screenshot image in /var/screenshots/screenshot-11593981403137667290
15:01:53.944 [Darkroom Processing Line] DEBUG net.serenitybdd.core.photography.DarkroomProcessingLine - Saving screenshot to target\site\serenity\9d5d40e9c14afad3ee1b98d06ce85b510a480428d6beadc3c3e2ed2037622597.png
15:01:53.957 [Forwarding findElement on session b34e973d1071c1ff3d32e17ab70330aa to remote] DEBUG org.asynchttpclient.netty.request.NettyRequestSender - Using pooled Channel '[id: 0x37457d2e, L:/127.0.0.1:58258 - R:localhost/127.0.0.1:61765]' for 'POST' to 'http://localhost:61765/session/b34e973d1071c1ff3d32e17ab70330aa/element'
15:01:53.957 [Forwarding findElement on session b34e973d1071c1ff3d32e17ab70330aa to remote] DEBUG org.asynchttpclient.netty.request.NettyRequestSender - Using open Channel [id: 0x37457d2e, L:/127.0.0.1:58258 - R:localhost/127.0.0.1:61765] for POST '/session/b34e973d1071c1ff3d32e17ab70330aa/element'
15:01:53.972 [AsyncHttpClient-1-2] DEBUG org.asynchttpclient.netty.handler.HttpHandler - 

Request DefaultHttpRequest(decodeResult: success, version: HTTP/1.1)
POST /session/b34e973d1071c1ff3d32e17ab70330aa/element HTTP/1.1
User-Agent: selenium/4.1.2 (java windows)
Content-Length: 51
Content-Type: application/json; charset=utf-8
host: localhost:61765
accept: */*

Response DefaultHttpResponse(decodeResult: success, version: HTTP/1.1)
HTTP/1.1 200 OK
Content-Type: application/json; charset=utf-8
cache-control: no-cache
content-length: 88

15:01:53.972 [AsyncHttpClient-1-2] DEBUG org.asynchttpclient.netty.channel.ChannelManager - Adding key: http://localhost:61765 for channel [id: 0x37457d2e, L:/127.0.0.1:58258 - R:localhost/127.0.0.1:61765]
15:01:53.981 [Forwarding isElementDisplayed on session b34e973d1071c1ff3d32e17ab70330aa to remote] DEBUG org.asynchttpclient.netty.request.NettyRequestSender - Using pooled Channel '[id: 0x37457d2e, L:/127.0.0.1:58258 - R:localhost/127.0.0.1:61765]' for 'POST' to 'http://localhost:61765/session/b34e973d1071c1ff3d32e17ab70330aa/execute/sync'
15:01:53.982 [Forwarding isElementDisplayed on session b34e973d1071c1ff3d32e17ab70330aa to remote] DEBUG org.asynchttpclient.netty.request.NettyRequestSender - Using open Channel [id: 0x37457d2e, L:/127.0.0.1:58258 - R:localhost/127.0.0.1:61765] for POST '/session/b34e973d1071c1ff3d32e17ab70330aa/execute/sync'
15:01:53.996 [AsyncHttpClient-1-2] DEBUG org.asynchttpclient.netty.handler.HttpHandler - 

Request DefaultHttpRequest(decodeResult: success, version: HTTP/1.1)
POST /session/b34e973d1071c1ff3d32e17ab70330aa/execute/sync HTTP/1.1
User-Agent: selenium/4.1.2 (java windows)
Content-Length: 48780
Content-Type: application/json; charset=utf-8
host: localhost:61765
accept: */*

Response DefaultHttpResponse(decodeResult: success, version: HTTP/1.1)
HTTP/1.1 200 OK
Content-Type: application/json; charset=utf-8
cache-control: no-cache
content-length: 14

15:01:53.996 [AsyncHttpClient-1-2] DEBUG org.asynchttpclient.netty.channel.ChannelManager - Adding key: http://localhost:61765 for channel [id: 0x37457d2e, L:/127.0.0.1:58258 - R:localhost/127.0.0.1:61765]
15:01:54.010 [Forwarding findElement on session b34e973d1071c1ff3d32e17ab70330aa to remote] DEBUG org.asynchttpclient.netty.request.NettyRequestSender - Using pooled Channel '[id: 0x37457d2e, L:/127.0.0.1:58258 - R:localhost/127.0.0.1:61765]' for 'POST' to 'http://localhost:61765/session/b34e973d1071c1ff3d32e17ab70330aa/element'
15:01:54.010 [Forwarding findElement on session b34e973d1071c1ff3d32e17ab70330aa to remote] DEBUG org.asynchttpclient.netty.request.NettyRequestSender - Using open Channel [id: 0x37457d2e, L:/127.0.0.1:58258 - R:localhost/127.0.0.1:61765] for POST '/session/b34e973d1071c1ff3d32e17ab70330aa/element'
15:01:54.022 [AsyncHttpClient-1-2] DEBUG org.asynchttpclient.netty.handler.HttpHandler - 

Request DefaultHttpRequest(decodeResult: success, version: HTTP/1.1)
POST /session/b34e973d1071c1ff3d32e17ab70330aa/element HTTP/1.1
User-Agent: selenium/4.1.2 (java windows)
Content-Length: 53
Content-Type: application/json; charset=utf-8
host: localhost:61765
accept: */*

Response DefaultHttpResponse(decodeResult: success, version: HTTP/1.1)
HTTP/1.1 200 OK
Content-Type: application/json; charset=utf-8
cache-control: no-cache
content-length: 88

15:01:54.022 [AsyncHttpClient-1-2] DEBUG org.asynchttpclient.netty.channel.ChannelManager - Adding key: http://localhost:61765 for channel [id: 0x37457d2e, L:/127.0.0.1:58258 - R:localhost/127.0.0.1:61765]
15:01:54.026 [Forwarding sendKeysToElement on session b34e973d1071c1ff3d32e17ab70330aa to remote] DEBUG org.asynchttpclient.netty.request.NettyRequestSender - Using pooled Channel '[id: 0x37457d2e, L:/127.0.0.1:58258 - R:localhost/127.0.0.1:61765]' for 'POST' to 'http://localhost:61765/session/b34e973d1071c1ff3d32e17ab70330aa/element/33412133-0e71-424b-9127-d5bef134e635/value'
15:01:54.026 [Forwarding sendKeysToElement on session b34e973d1071c1ff3d32e17ab70330aa to remote] DEBUG org.asynchttpclient.netty.request.NettyRequestSender - Using open Channel [id: 0x37457d2e, L:/127.0.0.1:58258 - R:localhost/127.0.0.1:61765] for POST '/session/b34e973d1071c1ff3d32e17ab70330aa/element/33412133-0e71-424b-9127-d5bef134e635/value'
15:01:54.051 [AsyncHttpClient-1-2] DEBUG org.asynchttpclient.netty.handler.HttpHandler - 

Request DefaultHttpRequest(decodeResult: success, version: HTTP/1.1)
POST /session/b34e973d1071c1ff3d32e17ab70330aa/element/33412133-0e71-424b-9127-d5bef134e635/value HTTP/1.1
User-Agent: selenium/4.1.2 (java windows)
Content-Length: 95
Content-Type: application/json; charset=utf-8
host: localhost:61765
accept: */*

Response DefaultHttpResponse(decodeResult: success, version: HTTP/1.1)
HTTP/1.1 200 OK
Content-Type: application/json; charset=utf-8
cache-control: no-cache
content-length: 14

15:01:54.052 [AsyncHttpClient-1-2] DEBUG org.asynchttpclient.netty.channel.ChannelManager - Adding key: http://localhost:61765 for channel [id: 0x37457d2e, L:/127.0.0.1:58258 - R:localhost/127.0.0.1:61765]
  &amp#27;[32mAnd &amp#27;[0m&amp#27;[32mI will go to login page&amp#27;[0m                          &amp#27;[90m# starter.stepdefinitions.LoginStep.iWillGoToLoginPage()&amp#27;[0m
15:01:54.057 [Forwarding screenshot on session b34e973d1071c1ff3d32e17ab70330aa to remote] DEBUG org.asynchttpclient.netty.request.NettyRequestSender - Using pooled Channel '[id: 0x37457d2e, L:/127.0.0.1:58258 - R:localhost/127.0.0.1:61765]' for 'GET' to 'http://localhost:61765/session/b34e973d1071c1ff3d32e17ab70330aa/screenshot'
15:01:54.057 [Forwarding screenshot on session b34e973d1071c1ff3d32e17ab70330aa to remote] DEBUG org.asynchttpclient.netty.request.NettyRequestSender - Using open Channel [id: 0x37457d2e, L:/127.0.0.1:58258 - R:localhost/127.0.0.1:61765] for GET '/session/b34e973d1071c1ff3d32e17ab70330aa/screenshot'
15:01:54.277 [AsyncHttpClient-1-2] DEBUG org.asynchttpclient.netty.handler.HttpHandler - 

Request DefaultFullHttpRequest(decodeResult: success, version: HTTP/1.1, content: EmptyByteBufBE)
GET /session/b34e973d1071c1ff3d32e17ab70330aa/screenshot HTTP/1.1
User-Agent: selenium/4.1.2 (java windows)
Cache-Control: no-cache
Content-Type: application/json; charset=utf-8
host: localhost:61765
accept: */*

Response DefaultHttpResponse(decodeResult: success, version: HTTP/1.1)
HTTP/1.1 200 OK
Content-Type: application/json; charset=utf-8
cache-control: no-cache
content-length: 472832

15:01:54.283 [AsyncHttpClient-1-2] DEBUG org.asynchttpclient.netty.channel.ChannelManager - Adding key: http://localhost:61765 for channel [id: 0x37457d2e, L:/127.0.0.1:58258 - R:localhost/127.0.0.1:61765]
15:01:54.304 [main] DEBUG net.serenitybdd.core.photography.Darkroom - Send negative for processing for target\site\serenity\d87751e3057cec947ccd444a4657ac66e50a05112ea085f07df69114982eb38e.png
15:01:54.304 [Darkroom Processing Line] DEBUG net.serenitybdd.core.photography.DarkroomProcessingLine - Processing screenshot image in /var/screenshots/screenshot-16596583895589036237
15:01:54.304 [Darkroom Processing Line] DEBUG net.serenitybdd.core.photography.DarkroomProcessingLine - Saving screenshot to target\site\serenity\d87751e3057cec947ccd444a4657ac66e50a05112ea085f07df69114982eb38e.png
15:01:54.315 [Forwarding findElement on session b34e973d1071c1ff3d32e17ab70330aa to remote] DEBUG org.asynchttpclient.netty.request.NettyRequestSender - Using pooled Channel '[id: 0x37457d2e, L:/127.0.0.1:58258 - R:localhost/127.0.0.1:61765]' for 'POST' to 'http://localhost:61765/session/b34e973d1071c1ff3d32e17ab70330aa/element'
15:01:54.315 [Forwarding findElement on session b34e973d1071c1ff3d32e17ab70330aa to remote] DEBUG org.asynchttpclient.netty.request.NettyRequestSender - Using open Channel [id: 0x37457d2e, L:/127.0.0.1:58258 - R:localhost/127.0.0.1:61765] for POST '/session/b34e973d1071c1ff3d32e17ab70330aa/element'
15:01:54.325 [AsyncHttpClient-1-2] DEBUG org.asynchttpclient.netty.handler.HttpHandler - 

Request DefaultHttpRequest(decodeResult: success, version: HTTP/1.1)
POST /session/b34e973d1071c1ff3d32e17ab70330aa/element HTTP/1.1
User-Agent: selenium/4.1.2 (java windows)
Content-Length: 53
Content-Type: application/json; charset=utf-8
host: localhost:61765
accept: */*

Response DefaultHttpResponse(decodeResult: success, version: HTTP/1.1)
HTTP/1.1 200 OK
Content-Type: application/json; charset=utf-8
cache-control: no-cache
content-length: 88

15:01:54.325 [AsyncHttpClient-1-2] DEBUG org.asynchttpclient.netty.channel.ChannelManager - Adding key: http://localhost:61765 for channel [id: 0x37457d2e, L:/127.0.0.1:58258 - R:localhost/127.0.0.1:61765]
15:01:54.328 [Forwarding clearElement on session b34e973d1071c1ff3d32e17ab70330aa to remote] DEBUG org.asynchttpclient.netty.request.NettyRequestSender - Using pooled Channel '[id: 0x37457d2e, L:/127.0.0.1:58258 - R:localhost/127.0.0.1:61765]' for 'POST' to 'http://localhost:61765/session/b34e973d1071c1ff3d32e17ab70330aa/element/a686230c-c986-46a7-a55f-8189d67d3e72/clear'
15:01:54.328 [Forwarding clearElement on session b34e973d1071c1ff3d32e17ab70330aa to remote] DEBUG org.asynchttpclient.netty.request.NettyRequestSender - Using open Channel [id: 0x37457d2e, L:/127.0.0.1:58258 - R:localhost/127.0.0.1:61765] for POST '/session/b34e973d1071c1ff3d32e17ab70330aa/element/a686230c-c986-46a7-a55f-8189d67d3e72/clear'
15:01:54.350 [AsyncHttpClient-1-2] DEBUG org.asynchttpclient.netty.handler.HttpHandler - 

Request DefaultHttpRequest(decodeResult: success, version: HTTP/1.1)
POST /session/b34e973d1071c1ff3d32e17ab70330aa/element/a686230c-c986-46a7-a55f-8189d67d3e72/clear HTTP/1.1
User-Agent: selenium/4.1.2 (java windows)
Content-Length: 50
Content-Type: application/json; charset=utf-8
host: localhost:61765
accept: */*

Response DefaultHttpResponse(decodeResult: success, version: HTTP/1.1)
HTTP/1.1 200 OK
Content-Type: application/json; charset=utf-8
cache-control: no-cache
content-length: 14

15:01:54.350 [AsyncHttpClient-1-2] DEBUG org.asynchttpclient.netty.channel.ChannelManager - Adding key: http://localhost:61765 for channel [id: 0x37457d2e, L:/127.0.0.1:58258 - R:localhost/127.0.0.1:61765]
15:01:54.352 [Forwarding sendKeysToElement on session b34e973d1071c1ff3d32e17ab70330aa to remote] DEBUG org.asynchttpclient.netty.request.NettyRequestSender - Using pooled Channel '[id: 0x37457d2e, L:/127.0.0.1:58258 - R:localhost/127.0.0.1:61765]' for 'POST' to 'http://localhost:61765/session/b34e973d1071c1ff3d32e17ab70330aa/element/a686230c-c986-46a7-a55f-8189d67d3e72/value'
15:01:54.352 [Forwarding sendKeysToElement on session b34e973d1071c1ff3d32e17ab70330aa to remote] DEBUG org.asynchttpclient.netty.request.NettyRequestSender - Using open Channel [id: 0x37457d2e, L:/127.0.0.1:58258 - R:localhost/127.0.0.1:61765] for POST '/session/b34e973d1071c1ff3d32e17ab70330aa/element/a686230c-c986-46a7-a55f-8189d67d3e72/value'
15:01:54.400 [AsyncHttpClient-1-2] DEBUG org.asynchttpclient.netty.handler.HttpHandler - 

Request DefaultHttpRequest(decodeResult: success, version: HTTP/1.1)
POST /session/b34e973d1071c1ff3d32e17ab70330aa/element/a686230c-c986-46a7-a55f-8189d67d3e72/value HTTP/1.1
User-Agent: selenium/4.1.2 (java windows)
Content-Length: 151
Content-Type: application/json; charset=utf-8
host: localhost:61765
accept: */*

Response DefaultHttpResponse(decodeResult: success, version: HTTP/1.1)
HTTP/1.1 200 OK
Content-Type: application/json; charset=utf-8
cache-control: no-cache
content-length: 14

15:01:54.400 [AsyncHttpClient-1-2] DEBUG org.asynchttpclient.netty.channel.ChannelManager - Adding key: http://localhost:61765 for channel [id: 0x37457d2e, L:/127.0.0.1:58258 - R:localhost/127.0.0.1:61765]
  &amp#27;[32mWhen &amp#27;[0m&amp#27;[32mI input valid username&amp#27;[0m                          &amp#27;[90m# starter.stepdefinitions.LoginStep.iInputValidUsername()&amp#27;[0m
15:01:54.408 [Forwarding screenshot on session b34e973d1071c1ff3d32e17ab70330aa to remote] DEBUG org.asynchttpclient.netty.request.NettyRequestSender - Using pooled Channel '[id: 0x37457d2e, L:/127.0.0.1:58258 - R:localhost/127.0.0.1:61765]' for 'GET' to 'http://localhost:61765/session/b34e973d1071c1ff3d32e17ab70330aa/screenshot'
15:01:54.408 [Forwarding screenshot on session b34e973d1071c1ff3d32e17ab70330aa to remote] DEBUG org.asynchttpclient.netty.request.NettyRequestSender - Using open Channel [id: 0x37457d2e, L:/127.0.0.1:58258 - R:localhost/127.0.0.1:61765] for GET '/session/b34e973d1071c1ff3d32e17ab70330aa/screenshot'
15:01:54.631 [AsyncHttpClient-1-2] DEBUG org.asynchttpclient.netty.handler.HttpHandler - 

Request DefaultFullHttpRequest(decodeResult: success, version: HTTP/1.1, content: EmptyByteBufBE)
GET /session/b34e973d1071c1ff3d32e17ab70330aa/screenshot HTTP/1.1
User-Agent: selenium/4.1.2 (java windows)
Cache-Control: no-cache
Content-Type: application/json; charset=utf-8
host: localhost:61765
accept: */*

Response DefaultHttpResponse(decodeResult: success, version: HTTP/1.1)
HTTP/1.1 200 OK
Content-Type: application/json; charset=utf-8
cache-control: no-cache
content-length: 445896

15:01:54.633 [AsyncHttpClient-1-2] DEBUG org.asynchttpclient.netty.channel.ChannelManager - Adding key: http://localhost:61765 for channel [id: 0x37457d2e, L:/127.0.0.1:58258 - R:localhost/127.0.0.1:61765]
15:01:54.646 [main] DEBUG net.serenitybdd.core.photography.Darkroom - Send negative for processing for target\site\serenity\3d94fa23e9ce2c4553d0b88d43bb4b5431d4286035317d038e2c5fba925b0bfa.png
15:01:54.647 [Darkroom Processing Line] DEBUG net.serenitybdd.core.photography.DarkroomProcessingLine - Processing screenshot image in /var/screenshots/screenshot-6801983390945016041
15:01:54.647 [Darkroom Processing Line] DEBUG net.serenitybdd.core.photography.DarkroomProcessingLine - Saving screenshot to target\site\serenity\3d94fa23e9ce2c4553d0b88d43bb4b5431d4286035317d038e2c5fba925b0bfa.png
15:01:54.655 [Forwarding findElement on session b34e973d1071c1ff3d32e17ab70330aa to remote] DEBUG org.asynchttpclient.netty.request.NettyRequestSender - Using pooled Channel '[id: 0x37457d2e, L:/127.0.0.1:58258 - R:localhost/127.0.0.1:61765]' for 'POST' to 'http://localhost:61765/session/b34e973d1071c1ff3d32e17ab70330aa/element'
15:01:54.655 [Forwarding findElement on session b34e973d1071c1ff3d32e17ab70330aa to remote] DEBUG org.asynchttpclient.netty.request.NettyRequestSender - Using open Channel [id: 0x37457d2e, L:/127.0.0.1:58258 - R:localhost/127.0.0.1:61765] for POST '/session/b34e973d1071c1ff3d32e17ab70330aa/element'
15:01:54.669 [AsyncHttpClient-1-2] DEBUG org.asynchttpclient.netty.handler.HttpHandler - 

Request DefaultHttpRequest(decodeResult: success, version: HTTP/1.1)
POST /session/b34e973d1071c1ff3d32e17ab70330aa/element HTTP/1.1
User-Agent: selenium/4.1.2 (java windows)
Content-Length: 53
Content-Type: application/json; charset=utf-8
host: localhost:61765
accept: */*

Response DefaultHttpResponse(decodeResult: success, version: HTTP/1.1)
HTTP/1.1 200 OK
Content-Type: application/json; charset=utf-8
cache-control: no-cache
content-length: 88

15:01:54.669 [AsyncHttpClient-1-2] DEBUG org.asynchttpclient.netty.channel.ChannelManager - Adding key: http://localhost:61765 for channel [id: 0x37457d2e, L:/127.0.0.1:58258 - R:localhost/127.0.0.1:61765]
15:01:54.671 [Forwarding clearElement on session b34e973d1071c1ff3d32e17ab70330aa to remote] DEBUG org.asynchttpclient.netty.request.NettyRequestSender - Using pooled Channel '[id: 0x37457d2e, L:/127.0.0.1:58258 - R:localhost/127.0.0.1:61765]' for 'POST' to 'http://localhost:61765/session/b34e973d1071c1ff3d32e17ab70330aa/element/974daf51-589e-4ef0-8ce8-ceb1dafb0622/clear'
15:01:54.671 [Forwarding clearElement on session b34e973d1071c1ff3d32e17ab70330aa to remote] DEBUG org.asynchttpclient.netty.request.NettyRequestSender - Using open Channel [id: 0x37457d2e, L:/127.0.0.1:58258 - R:localhost/127.0.0.1:61765] for POST '/session/b34e973d1071c1ff3d32e17ab70330aa/element/974daf51-589e-4ef0-8ce8-ceb1dafb0622/clear'
15:01:54.716 [AsyncHttpClient-1-2] DEBUG org.asynchttpclient.netty.handler.HttpHandler - 

Request DefaultHttpRequest(decodeResult: success, version: HTTP/1.1)
POST /session/b34e973d1071c1ff3d32e17ab70330aa/element/974daf51-589e-4ef0-8ce8-ceb1dafb0622/clear HTTP/1.1
User-Agent: selenium/4.1.2 (java windows)
Content-Length: 50
Content-Type: application/json; charset=utf-8
host: localhost:61765
accept: */*

Response DefaultHttpResponse(decodeResult: success, version: HTTP/1.1)
HTTP/1.1 200 OK
Content-Type: application/json; charset=utf-8
cache-control: no-cache
content-length: 14

15:01:54.716 [AsyncHttpClient-1-2] DEBUG org.asynchttpclient.netty.channel.ChannelManager - Adding key: http://localhost:61765 for channel [id: 0x37457d2e, L:/127.0.0.1:58258 - R:localhost/127.0.0.1:61765]
15:01:54.719 [Forwarding sendKeysToElement on session b34e973d1071c1ff3d32e17ab70330aa to remote] DEBUG org.asynchttpclient.netty.request.NettyRequestSender - Using pooled Channel '[id: 0x37457d2e, L:/127.0.0.1:58258 - R:localhost/127.0.0.1:61765]' for 'POST' to 'http://localhost:61765/session/b34e973d1071c1ff3d32e17ab70330aa/element/974daf51-589e-4ef0-8ce8-ceb1dafb0622/value'
15:01:54.719 [Forwarding sendKeysToElement on session b34e973d1071c1ff3d32e17ab70330aa to remote] DEBUG org.asynchttpclient.netty.request.NettyRequestSender - Using open Channel [id: 0x37457d2e, L:/127.0.0.1:58258 - R:localhost/127.0.0.1:61765] for POST '/session/b34e973d1071c1ff3d32e17ab70330aa/element/974daf51-589e-4ef0-8ce8-ceb1dafb0622/value'
15:01:54.780 [AsyncHttpClient-1-1] DEBUG org.asynchttpclient.netty.channel.DefaultChannelPool - Entry count for : http://localhost:58259 : 1
15:01:54.795 [AsyncHttpClient-1-2] DEBUG org.asynchttpclient.netty.handler.HttpHandler - 

Request DefaultHttpRequest(decodeResult: success, version: HTTP/1.1)
POST /session/b34e973d1071c1ff3d32e17ab70330aa/element/974daf51-589e-4ef0-8ce8-ceb1dafb0622/value HTTP/1.1
User-Agent: selenium/4.1.2 (java windows)
Content-Length: 221
Content-Type: application/json; charset=utf-8
host: localhost:61765
accept: */*

Response DefaultHttpResponse(decodeResult: success, version: HTTP/1.1)
HTTP/1.1 200 OK
Content-Type: application/json; charset=utf-8
cache-control: no-cache
content-length: 14

15:01:54.795 [AsyncHttpClient-1-2] DEBUG org.asynchttpclient.netty.channel.ChannelManager - Adding key: http://localhost:61765 for channel [id: 0x37457d2e, L:/127.0.0.1:58258 - R:localhost/127.0.0.1:61765]
  &amp#27;[32mAnd &amp#27;[0m&amp#27;[32mI input valid password&amp#27;[0m                           &amp#27;[90m# starter.stepdefinitions.LoginStep.iInputValidPassword()&amp#27;[0m
15:01:54.801 [Forwarding screenshot on session b34e973d1071c1ff3d32e17ab70330aa to remote] DEBUG org.asynchttpclient.netty.request.NettyRequestSender - Using pooled Channel '[id: 0x37457d2e, L:/127.0.0.1:58258 - R:localhost/127.0.0.1:61765]' for 'GET' to 'http://localhost:61765/session/b34e973d1071c1ff3d32e17ab70330aa/screenshot'
15:01:54.801 [Forwarding screenshot on session b34e973d1071c1ff3d32e17ab70330aa to remote] DEBUG org.asynchttpclient.netty.request.NettyRequestSender - Using open Channel [id: 0x37457d2e, L:/127.0.0.1:58258 - R:localhost/127.0.0.1:61765] for GET '/session/b34e973d1071c1ff3d32e17ab70330aa/screenshot'
15:01:54.994 [AsyncHttpClient-1-2] DEBUG org.asynchttpclient.netty.handler.HttpHandler - 

Request DefaultFullHttpRequest(decodeResult: success, version: HTTP/1.1, content: EmptyByteBufBE)
GET /session/b34e973d1071c1ff3d32e17ab70330aa/screenshot HTTP/1.1
User-Agent: selenium/4.1.2 (java windows)
Cache-Control: no-cache
Content-Type: application/json; charset=utf-8
host: localhost:61765
accept: */*

Response DefaultHttpResponse(decodeResult: success, version: HTTP/1.1)
HTTP/1.1 200 OK
Content-Type: application/json; charset=utf-8
cache-control: no-cache
content-length: 443716

15:01:54.996 [AsyncHttpClient-1-2] DEBUG org.asynchttpclient.netty.channel.ChannelManager - Adding key: http://localhost:61765 for channel [id: 0x37457d2e, L:/127.0.0.1:58258 - R:localhost/127.0.0.1:61765]
15:01:55.003 [main] DEBUG net.serenitybdd.core.photography.Darkroom - Send negative for processing for target\site\serenity\2043893c901b585a175cbf029b0e1d30ffdb589438e7748867de391f5f432630.png
15:01:55.003 [Darkroom Processing Line] DEBUG net.serenitybdd.core.photography.DarkroomProcessingLine - Processing screenshot image in /var/screenshots/screenshot-15386952531608379189
15:01:55.003 [Darkroom Processing Line] DEBUG net.serenitybdd.core.photography.DarkroomProcessingLine - Saving screenshot to target\site\serenity\2043893c901b585a175cbf029b0e1d30ffdb589438e7748867de391f5f432630.png
15:01:55.012 [Forwarding findElement on session b34e973d1071c1ff3d32e17ab70330aa to remote] DEBUG org.asynchttpclient.netty.request.NettyRequestSender - Using pooled Channel '[id: 0x37457d2e, L:/127.0.0.1:58258 - R:localhost/127.0.0.1:61765]' for 'POST' to 'http://localhost:61765/session/b34e973d1071c1ff3d32e17ab70330aa/element'
15:01:55.012 [Forwarding findElement on session b34e973d1071c1ff3d32e17ab70330aa to remote] DEBUG org.asynchttpclient.netty.request.NettyRequestSender - Using open Channel [id: 0x37457d2e, L:/127.0.0.1:58258 - R:localhost/127.0.0.1:61765] for POST '/session/b34e973d1071c1ff3d32e17ab70330aa/element'
15:01:55.019 [AsyncHttpClient-1-2] DEBUG org.asynchttpclient.netty.handler.HttpHandler - 

Request DefaultHttpRequest(decodeResult: success, version: HTTP/1.1)
POST /session/b34e973d1071c1ff3d32e17ab70330aa/element HTTP/1.1
User-Agent: selenium/4.1.2 (java windows)
Content-Length: 50
Content-Type: application/json; charset=utf-8
host: localhost:61765
accept: */*

Response DefaultHttpResponse(decodeResult: success, version: HTTP/1.1)
HTTP/1.1 200 OK
Content-Type: application/json; charset=utf-8
cache-control: no-cache
content-length: 88

15:01:55.019 [AsyncHttpClient-1-2] DEBUG org.asynchttpclient.netty.channel.ChannelManager - Adding key: http://localhost:61765 for channel [id: 0x37457d2e, L:/127.0.0.1:58258 - R:localhost/127.0.0.1:61765]
15:01:55.020 [Forwarding getElementTagName on session b34e973d1071c1ff3d32e17ab70330aa to remote] DEBUG org.asynchttpclient.netty.request.NettyRequestSender - Using pooled Channel '[id: 0x37457d2e, L:/127.0.0.1:58258 - R:localhost/127.0.0.1:61765]' for 'GET' to 'http://localhost:61765/session/b34e973d1071c1ff3d32e17ab70330aa/element/465bf8b9-e86c-43cb-b1b8-f471e75b2c19/name'
15:01:55.021 [Forwarding getElementTagName on session b34e973d1071c1ff3d32e17ab70330aa to remote] DEBUG org.asynchttpclient.netty.request.NettyRequestSender - Using open Channel [id: 0x37457d2e, L:/127.0.0.1:58258 - R:localhost/127.0.0.1:61765] for GET '/session/b34e973d1071c1ff3d32e17ab70330aa/element/465bf8b9-e86c-43cb-b1b8-f471e75b2c19/name'
15:01:55.025 [AsyncHttpClient-1-2] DEBUG org.asynchttpclient.netty.handler.HttpHandler - 

Request DefaultFullHttpRequest(decodeResult: success, version: HTTP/1.1, content: EmptyByteBufBE)
GET /session/b34e973d1071c1ff3d32e17ab70330aa/element/465bf8b9-e86c-43cb-b1b8-f471e75b2c19/name HTTP/1.1
User-Agent: selenium/4.1.2 (java windows)
Cache-Control: no-cache
Content-Type: application/json; charset=utf-8
host: localhost:61765
accept: */*

Response DefaultHttpResponse(decodeResult: success, version: HTTP/1.1)
HTTP/1.1 200 OK
Content-Type: application/json; charset=utf-8
cache-control: no-cache
content-length: 18

15:01:55.025 [AsyncHttpClient-1-2] DEBUG org.asynchttpclient.netty.channel.ChannelManager - Adding key: http://localhost:61765 for channel [id: 0x37457d2e, L:/127.0.0.1:58258 - R:localhost/127.0.0.1:61765]
15:01:55.027 [Forwarding getElementTagName on session b34e973d1071c1ff3d32e17ab70330aa to remote] DEBUG org.asynchttpclient.netty.request.NettyRequestSender - Using pooled Channel '[id: 0x37457d2e, L:/127.0.0.1:58258 - R:localhost/127.0.0.1:61765]' for 'GET' to 'http://localhost:61765/session/b34e973d1071c1ff3d32e17ab70330aa/element/465bf8b9-e86c-43cb-b1b8-f471e75b2c19/name'
15:01:55.027 [Forwarding getElementTagName on session b34e973d1071c1ff3d32e17ab70330aa to remote] DEBUG org.asynchttpclient.netty.request.NettyRequestSender - Using open Channel [id: 0x37457d2e, L:/127.0.0.1:58258 - R:localhost/127.0.0.1:61765] for GET '/session/b34e973d1071c1ff3d32e17ab70330aa/element/465bf8b9-e86c-43cb-b1b8-f471e75b2c19/name'
15:01:55.030 [AsyncHttpClient-1-2] DEBUG org.asynchttpclient.netty.handler.HttpHandler - 

Request DefaultFullHttpRequest(decodeResult: success, version: HTTP/1.1, content: EmptyByteBufBE)
GET /session/b34e973d1071c1ff3d32e17ab70330aa/element/465bf8b9-e86c-43cb-b1b8-f471e75b2c19/name HTTP/1.1
User-Agent: selenium/4.1.2 (java windows)
Cache-Control: no-cache
Content-Type: application/json; charset=utf-8
host: localhost:61765
accept: */*

Response DefaultHttpResponse(decodeResult: success, version: HTTP/1.1)
HTTP/1.1 200 OK
Content-Type: application/json; charset=utf-8
cache-control: no-cache
content-length: 18

15:01:55.030 [AsyncHttpClient-1-2] DEBUG org.asynchttpclient.netty.channel.ChannelManager - Adding key: http://localhost:61765 for channel [id: 0x37457d2e, L:/127.0.0.1:58258 - R:localhost/127.0.0.1:61765]
15:01:55.032 [Forwarding isElementEnabled on session b34e973d1071c1ff3d32e17ab70330aa to remote] DEBUG org.asynchttpclient.netty.request.NettyRequestSender - Using pooled Channel '[id: 0x37457d2e, L:/127.0.0.1:58258 - R:localhost/127.0.0.1:61765]' for 'GET' to 'http://localhost:61765/session/b34e973d1071c1ff3d32e17ab70330aa/element/465bf8b9-e86c-43cb-b1b8-f471e75b2c19/enabled'
15:01:55.032 [Forwarding isElementEnabled on session b34e973d1071c1ff3d32e17ab70330aa to remote] DEBUG org.asynchttpclient.netty.request.NettyRequestSender - Using open Channel [id: 0x37457d2e, L:/127.0.0.1:58258 - R:localhost/127.0.0.1:61765] for GET '/session/b34e973d1071c1ff3d32e17ab70330aa/element/465bf8b9-e86c-43cb-b1b8-f471e75b2c19/enabled'
15:01:55.038 [AsyncHttpClient-1-2] DEBUG org.asynchttpclient.netty.handler.HttpHandler - 

Request DefaultFullHttpRequest(decodeResult: success, version: HTTP/1.1, content: EmptyByteBufBE)
GET /session/b34e973d1071c1ff3d32e17ab70330aa/element/465bf8b9-e86c-43cb-b1b8-f471e75b2c19/enabled HTTP/1.1
User-Agent: selenium/4.1.2 (java windows)
Cache-Control: no-cache
Content-Type: application/json; charset=utf-8
host: localhost:61765
accept: */*

Response DefaultHttpResponse(decodeResult: success, version: HTTP/1.1)
HTTP/1.1 200 OK
Content-Type: application/json; charset=utf-8
cache-control: no-cache
content-length: 14

15:01:55.038 [AsyncHttpClient-1-2] DEBUG org.asynchttpclient.netty.channel.ChannelManager - Adding key: http://localhost:61765 for channel [id: 0x37457d2e, L:/127.0.0.1:58258 - R:localhost/127.0.0.1:61765]
15:01:55.040 [Forwarding isElementEnabled on session b34e973d1071c1ff3d32e17ab70330aa to remote] DEBUG org.asynchttpclient.netty.request.NettyRequestSender - Using pooled Channel '[id: 0x37457d2e, L:/127.0.0.1:58258 - R:localhost/127.0.0.1:61765]' for 'GET' to 'http://localhost:61765/session/b34e973d1071c1ff3d32e17ab70330aa/element/465bf8b9-e86c-43cb-b1b8-f471e75b2c19/enabled'
15:01:55.040 [Forwarding isElementEnabled on session b34e973d1071c1ff3d32e17ab70330aa to remote] DEBUG org.asynchttpclient.netty.request.NettyRequestSender - Using open Channel [id: 0x37457d2e, L:/127.0.0.1:58258 - R:localhost/127.0.0.1:61765] for GET '/session/b34e973d1071c1ff3d32e17ab70330aa/element/465bf8b9-e86c-43cb-b1b8-f471e75b2c19/enabled'
15:01:55.045 [AsyncHttpClient-1-2] DEBUG org.asynchttpclient.netty.handler.HttpHandler - 

Request DefaultFullHttpRequest(decodeResult: success, version: HTTP/1.1, content: EmptyByteBufBE)
GET /session/b34e973d1071c1ff3d32e17ab70330aa/element/465bf8b9-e86c-43cb-b1b8-f471e75b2c19/enabled HTTP/1.1
User-Agent: selenium/4.1.2 (java windows)
Cache-Control: no-cache
Content-Type: application/json; charset=utf-8
host: localhost:61765
accept: */*

Response DefaultHttpResponse(decodeResult: success, version: HTTP/1.1)
HTTP/1.1 200 OK
Content-Type: application/json; charset=utf-8
cache-control: no-cache
content-length: 14

15:01:55.045 [AsyncHttpClient-1-2] DEBUG org.asynchttpclient.netty.channel.ChannelManager - Adding key: http://localhost:61765 for channel [id: 0x37457d2e, L:/127.0.0.1:58258 - R:localhost/127.0.0.1:61765]
15:01:55.051 [Forwarding findElement on session b34e973d1071c1ff3d32e17ab70330aa to remote] DEBUG org.asynchttpclient.netty.request.NettyRequestSender - Using pooled Channel '[id: 0x37457d2e, L:/127.0.0.1:58258 - R:localhost/127.0.0.1:61765]' for 'POST' to 'http://localhost:61765/session/b34e973d1071c1ff3d32e17ab70330aa/element'
15:01:55.051 [Forwarding findElement on session b34e973d1071c1ff3d32e17ab70330aa to remote] DEBUG org.asynchttpclient.netty.request.NettyRequestSender - Using open Channel [id: 0x37457d2e, L:/127.0.0.1:58258 - R:localhost/127.0.0.1:61765] for POST '/session/b34e973d1071c1ff3d32e17ab70330aa/element'
15:01:55.064 [AsyncHttpClient-1-2] DEBUG org.asynchttpclient.netty.handler.HttpHandler - 

Request DefaultHttpRequest(decodeResult: success, version: HTTP/1.1)
POST /session/b34e973d1071c1ff3d32e17ab70330aa/element HTTP/1.1
User-Agent: selenium/4.1.2 (java windows)
Content-Length: 50
Content-Type: application/json; charset=utf-8
host: localhost:61765
accept: */*

Response DefaultHttpResponse(decodeResult: success, version: HTTP/1.1)
HTTP/1.1 200 OK
Content-Type: application/json; charset=utf-8
cache-control: no-cache
content-length: 88

15:01:55.064 [AsyncHttpClient-1-2] DEBUG org.asynchttpclient.netty.channel.ChannelManager - Adding key: http://localhost:61765 for channel [id: 0x37457d2e, L:/127.0.0.1:58258 - R:localhost/127.0.0.1:61765]
15:01:55.066 [Forwarding clickElement on session b34e973d1071c1ff3d32e17ab70330aa to remote] DEBUG org.asynchttpclient.netty.request.NettyRequestSender - Using pooled Channel '[id: 0x37457d2e, L:/127.0.0.1:58258 - R:localhost/127.0.0.1:61765]' for 'POST' to 'http://localhost:61765/session/b34e973d1071c1ff3d32e17ab70330aa/element/465bf8b9-e86c-43cb-b1b8-f471e75b2c19/click'
15:01:55.066 [Forwarding clickElement on session b34e973d1071c1ff3d32e17ab70330aa to remote] DEBUG org.asynchttpclient.netty.request.NettyRequestSender - Using open Channel [id: 0x37457d2e, L:/127.0.0.1:58258 - R:localhost/127.0.0.1:61765] for POST '/session/b34e973d1071c1ff3d32e17ab70330aa/element/465bf8b9-e86c-43cb-b1b8-f471e75b2c19/click'
15:01:55.107 [AsyncHttpClient-1-2] DEBUG org.asynchttpclient.netty.handler.HttpHandler - 

Request DefaultHttpRequest(decodeResult: success, version: HTTP/1.1)
POST /session/b34e973d1071c1ff3d32e17ab70330aa/element/465bf8b9-e86c-43cb-b1b8-f471e75b2c19/click HTTP/1.1
User-Agent: selenium/4.1.2 (java windows)
Content-Length: 50
Content-Type: application/json; charset=utf-8
host: localhost:61765
accept: */*

Response DefaultHttpResponse(decodeResult: success, version: HTTP/1.1)
HTTP/1.1 200 OK
Content-Type: application/json; charset=utf-8
cache-control: no-cache
content-length: 14

15:01:55.107 [AsyncHttpClient-1-2] DEBUG org.asynchttpclient.netty.channel.ChannelManager - Adding key: http://localhost:61765 for channel [id: 0x37457d2e, L:/127.0.0.1:58258 - R:localhost/127.0.0.1:61765]
  &amp#27;[32mAnd &amp#27;[0m&amp#27;[32mI click Login button&amp#27;[0m                             &amp#27;[90m# starter.stepdefinitions.LoginStep.iClickLoginButton()&amp#27;[0m
15:01:55.115 [Forwarding screenshot on session b34e973d1071c1ff3d32e17ab70330aa to remote] DEBUG org.asynchttpclient.netty.request.NettyRequestSender - Using pooled Channel '[id: 0x37457d2e, L:/127.0.0.1:58258 - R:localhost/127.0.0.1:61765]' for 'GET' to 'http://localhost:61765/session/b34e973d1071c1ff3d32e17ab70330aa/screenshot'
15:01:55.115 [Forwarding screenshot on session b34e973d1071c1ff3d32e17ab70330aa to remote] DEBUG org.asynchttpclient.netty.request.NettyRequestSender - Using open Channel [id: 0x37457d2e, L:/127.0.0.1:58258 - R:localhost/127.0.0.1:61765] for GET '/session/b34e973d1071c1ff3d32e17ab70330aa/screenshot'
15:01:55.322 [AsyncHttpClient-1-2] DEBUG org.asynchttpclient.netty.handler.HttpHandler - 

Request DefaultFullHttpRequest(decodeResult: success, version: HTTP/1.1, content: EmptyByteBufBE)
GET /session/b34e973d1071c1ff3d32e17ab70330aa/screenshot HTTP/1.1
User-Agent: selenium/4.1.2 (java windows)
Cache-Control: no-cache
Content-Type: application/json; charset=utf-8
host: localhost:61765
accept: */*

Response DefaultHttpResponse(decodeResult: success, version: HTTP/1.1)
HTTP/1.1 200 OK
Content-Type: application/json; charset=utf-8
cache-control: no-cache
content-length: 419080

15:01:55.324 [AsyncHttpClient-1-2] DEBUG org.asynchttpclient.netty.channel.ChannelManager - Adding key: http://localhost:61765 for channel [id: 0x37457d2e, L:/127.0.0.1:58258 - R:localhost/127.0.0.1:61765]
15:01:55.333 [main] DEBUG net.serenitybdd.core.photography.Darkroom - Send negative for processing for target\site\serenity\a104d9fb050d101fc0fa4ac1f08fef5426ae9b9c43a3c2d9d0d8c1ece8633eba.png
15:01:55.333 [Darkroom Processing Line] DEBUG net.serenitybdd.core.photography.DarkroomProcessingLine - Processing screenshot image in /var/screenshots/screenshot-208436578087502858
15:01:55.335 [Darkroom Processing Line] DEBUG net.serenitybdd.core.photography.DarkroomProcessingLine - Saving screenshot to target\site\serenity\a104d9fb050d101fc0fa4ac1f08fef5426ae9b9c43a3c2d9d0d8c1ece8633eba.png
15:01:55.342 [Forwarding findElement on session b34e973d1071c1ff3d32e17ab70330aa to remote] DEBUG org.asynchttpclient.netty.request.NettyRequestSender - Using pooled Channel '[id: 0x37457d2e, L:/127.0.0.1:58258 - R:localhost/127.0.0.1:61765]' for 'POST' to 'http://localhost:61765/session/b34e973d1071c1ff3d32e17ab70330aa/element'
15:01:55.342 [Forwarding findElement on session b34e973d1071c1ff3d32e17ab70330aa to remote] DEBUG org.asynchttpclient.netty.request.NettyRequestSender - Using open Channel [id: 0x37457d2e, L:/127.0.0.1:58258 - R:localhost/127.0.0.1:61765] for POST '/session/b34e973d1071c1ff3d32e17ab70330aa/element'
15:01:55.880 [AsyncHttpClient-1-1] DEBUG org.asynchttpclient.netty.channel.DefaultChannelPool - Entry count for : http://localhost:58259 : 1
15:01:56.349 [AsyncHttpClient-1-2] DEBUG org.asynchttpclient.netty.handler.HttpHandler - 

Request DefaultHttpRequest(decodeResult: success, version: HTTP/1.1)
POST /session/b34e973d1071c1ff3d32e17ab70330aa/element HTTP/1.1
User-Agent: selenium/4.1.2 (java windows)
Content-Length: 61
Content-Type: application/json; charset=utf-8
host: localhost:61765
accept: */*

Response DefaultHttpResponse(decodeResult: success, version: HTTP/1.1)
HTTP/1.1 200 OK
Content-Type: application/json; charset=utf-8
cache-control: no-cache
content-length: 88

15:01:56.349 [AsyncHttpClient-1-2] DEBUG org.asynchttpclient.netty.channel.ChannelManager - Adding key: http://localhost:61765 for channel [id: 0x37457d2e, L:/127.0.0.1:58258 - R:localhost/127.0.0.1:61765]
15:01:56.353 [Forwarding isElementDisplayed on session b34e973d1071c1ff3d32e17ab70330aa to remote] DEBUG org.asynchttpclient.netty.request.NettyRequestSender - Using pooled Channel '[id: 0x37457d2e, L:/127.0.0.1:58258 - R:localhost/127.0.0.1:61765]' for 'POST' to 'http://localhost:61765/session/b34e973d1071c1ff3d32e17ab70330aa/execute/sync'
15:01:56.353 [Forwarding isElementDisplayed on session b34e973d1071c1ff3d32e17ab70330aa to remote] DEBUG org.asynchttpclient.netty.request.NettyRequestSender - Using open Channel [id: 0x37457d2e, L:/127.0.0.1:58258 - R:localhost/127.0.0.1:61765] for POST '/session/b34e973d1071c1ff3d32e17ab70330aa/execute/sync'
15:01:56.365 [AsyncHttpClient-1-2] DEBUG org.asynchttpclient.netty.handler.HttpHandler - 

Request DefaultHttpRequest(decodeResult: success, version: HTTP/1.1)
POST /session/b34e973d1071c1ff3d32e17ab70330aa/execute/sync HTTP/1.1
User-Agent: selenium/4.1.2 (java windows)
Content-Length: 48780
Content-Type: application/json; charset=utf-8
host: localhost:61765
accept: */*

Response DefaultHttpResponse(decodeResult: success, version: HTTP/1.1)
HTTP/1.1 200 OK
Content-Type: application/json; charset=utf-8
cache-control: no-cache
content-length: 14

15:01:56.365 [AsyncHttpClient-1-2] DEBUG org.asynchttpclient.netty.channel.ChannelManager - Adding key: http://localhost:61765 for channel [id: 0x37457d2e, L:/127.0.0.1:58258 - R:localhost/127.0.0.1:61765]
  &amp#27;[32mThen &amp#27;[0m&amp#27;[32mI will go to dashboard&amp#27;[0m                          &amp#27;[90m# starter.stepdefinitions.LoginStep.iWillGoToDashboard()&amp#27;[0m
15:01:56.370 [Forwarding screenshot on session b34e973d1071c1ff3d32e17ab70330aa to remote] DEBUG org.asynchttpclient.netty.request.NettyRequestSender - Using pooled Channel '[id: 0x37457d2e, L:/127.0.0.1:58258 - R:localhost/127.0.0.1:61765]' for 'GET' to 'http://localhost:61765/session/b34e973d1071c1ff3d32e17ab70330aa/screenshot'
15:01:56.370 [Forwarding screenshot on session b34e973d1071c1ff3d32e17ab70330aa to remote] DEBUG org.asynchttpclient.netty.request.NettyRequestSender - Using open Channel [id: 0x37457d2e, L:/127.0.0.1:58258 - R:localhost/127.0.0.1:61765] for GET '/session/b34e973d1071c1ff3d32e17ab70330aa/screenshot'
15:01:56.563 [AsyncHttpClient-1-2] DEBUG org.asynchttpclient.netty.handler.HttpHandler - 

Request DefaultFullHttpRequest(decodeResult: success, version: HTTP/1.1, content: EmptyByteBufBE)
GET /session/b34e973d1071c1ff3d32e17ab70330aa/screenshot HTTP/1.1
User-Agent: selenium/4.1.2 (java windows)
Cache-Control: no-cache
Content-Type: application/json; charset=utf-8
host: localhost:61765
accept: */*

Response DefaultHttpResponse(decodeResult: success, version: HTTP/1.1)
HTTP/1.1 200 OK
Content-Type: application/json; charset=utf-8
cache-control: no-cache
content-length: 526456

15:01:56.565 [AsyncHttpClient-1-2] DEBUG org.asynchttpclient.netty.channel.ChannelManager - Adding key: http://localhost:61765 for channel [id: 0x37457d2e, L:/127.0.0.1:58258 - R:localhost/127.0.0.1:61765]
15:01:56.574 [main] DEBUG net.serenitybdd.core.photography.Darkroom - Send negative for processing for target\site\serenity\414cdb98ea5f0ff251993f9cd7408ffa49241952ee4288425c94a68def2c2877.png
15:01:56.574 [Darkroom Processing Line] DEBUG net.serenitybdd.core.photography.DarkroomProcessingLine - Processing screenshot image in /var/screenshots/screenshot-16935641678047769267
15:01:56.574 [Darkroom Processing Line] DEBUG net.serenitybdd.core.photography.DarkroomProcessingLine - Saving screenshot to target\site\serenity\414cdb98ea5f0ff251993f9cd7408ffa49241952ee4288425c94a68def2c2877.png
15:01:56.577 [main] INFO  - 
  _____   ___   ___   _____     ___     _     ___   ___   ___   ___  
 |_   _| | __| / __| |_   _|   | _ \   /_\   / __| / __| | __| |   \ 
   | |   | _|  \__ \   | |     |  _/  / _ \  \__ \ \__ \ | _|  | |) |
   |_|   |___| |___/   |_|     |_|   /_/ \_\ |___/ |___/ |___| |___/ 

Login with valid username and valid password
[...]
User-Agent: selenium/4.1.2 (java windows)
Cache-Control: no-cache
Content-Type: application/json; charset=utf-8
host: localhost:55594
accept: */*

Response DefaultHttpResponse(decodeResult: success, version: HTTP/1.1)
HTTP/1.1 200 OK
Content-Type: application/json; charset=utf-8
cache-control: no-cache
content-length: 18

15:02:56.257 [AsyncHttpClient-1-6] DEBUG org.asynchttpclient.netty.channel.ChannelManager - Adding key: http://localhost:55594 for channel [id: 0x4fcfc272, L:/127.0.0.1:58658 - R:localhost/127.0.0.1:55594]
15:02:56.258 [Forwarding isElementEnabled on session 903ee795f78c1e1a821990ffafa200aa to remote] DEBUG org.asynchttpclient.netty.request.NettyRequestSender - Using pooled Channel '[id: 0x4fcfc272, L:/127.0.0.1:58658 - R:localhost/127.0.0.1:55594]' for 'GET' to 'http://localhost:55594/session/903ee795f78c1e1a821990ffafa200aa/element/96f6e0c2-52ea-415d-9180-37b08f38ab1e/enabled'
15:02:56.259 [Forwarding isElementEnabled on session 903ee795f78c1e1a821990ffafa200aa to remote] DEBUG org.asynchttpclient.netty.request.NettyRequestSender - Using open Channel [id: 0x4fcfc272, L:/127.0.0.1:58658 - R:localhost/127.0.0.1:55594] for GET '/session/903ee795f78c1e1a821990ffafa200aa/element/96f6e0c2-52ea-415d-9180-37b08f38ab1e/enabled'
15:02:56.265 [AsyncHttpClient-1-6] DEBUG org.asynchttpclient.netty.handler.HttpHandler - 

Request DefaultFullHttpRequest(decodeResult: success, version: HTTP/1.1, content: EmptyByteBufBE)
GET /session/903ee795f78c1e1a821990ffafa200aa/element/96f6e0c2-52ea-415d-9180-37b08f38ab1e/enabled HTTP/1.1
User-Agent: selenium/4.1.2 (java windows)
Cache-Control: no-cache
Content-Type: application/json; charset=utf-8
host: localhost:55594
accept: */*

Response DefaultHttpResponse(decodeResult: success, version: HTTP/1.1)
HTTP/1.1 200 OK
Content-Type: application/json; charset=utf-8
cache-control: no-cache
content-length: 14

15:02:56.265 [AsyncHttpClient-1-6] DEBUG org.asynchttpclient.netty.channel.ChannelManager - Adding key: http://localhost:55594 for channel [id: 0x4fcfc272, L:/127.0.0.1:58658 - R:localhost/127.0.0.1:55594]
15:02:56.273 [Forwarding isElementEnabled on session 903ee795f78c1e1a821990ffafa200aa to remote] DEBUG org.asynchttpclient.netty.request.NettyRequestSender - Using pooled Channel '[id: 0x4fcfc272, L:/127.0.0.1:58658 - R:localhost/127.0.0.1:55594]' for 'GET' to 'http://localhost:55594/session/903ee795f78c1e1a821990ffafa200aa/element/96f6e0c2-52ea-415d-9180-37b08f38ab1e/enabled'
15:02:56.273 [Forwarding isElementEnabled on session 903ee795f78c1e1a821990ffafa200aa to remote] DEBUG org.asynchttpclient.netty.request.NettyRequestSender - Using open Channel [id: 0x4fcfc272, L:/127.0.0.1:58658 - R:localhost/127.0.0.1:55594] for GET '/session/903ee795f78c1e1a821990ffafa200aa/element/96f6e0c2-52ea-415d-9180-37b08f38ab1e/enabled'
15:02:56.278 [AsyncHttpClient-1-6] DEBUG org.asynchttpclient.netty.handler.HttpHandler - 

Request DefaultFullHttpRequest(decodeResult: success, version: HTTP/1.1, content: EmptyByteBufBE)
GET /session/903ee795f78c1e1a821990ffafa200aa/element/96f6e0c2-52ea-415d-9180-37b08f38ab1e/enabled HTTP/1.1
User-Agent: selenium/4.1.2 (java windows)
Cache-Control: no-cache
Content-Type: application/json; charset=utf-8
host: localhost:55594
accept: */*

Response DefaultHttpResponse(decodeResult: success, version: HTTP/1.1)
HTTP/1.1 200 OK
Content-Type: application/json; charset=utf-8
cache-control: no-cache
content-length: 14

15:02:56.278 [AsyncHttpClient-1-6] DEBUG org.asynchttpclient.netty.channel.ChannelManager - Adding key: http://localhost:55594 for channel [id: 0x4fcfc272, L:/127.0.0.1:58658 - R:localhost/127.0.0.1:55594]
15:02:56.279 [Forwarding findElement on session 903ee795f78c1e1a821990ffafa200aa to remote] DEBUG org.asynchttpclient.netty.request.NettyRequestSender - Using pooled Channel '[id: 0x4fcfc272, L:/127.0.0.1:58658 - R:localhost/127.0.0.1:55594]' for 'POST' to 'http://localhost:55594/session/903ee795f78c1e1a821990ffafa200aa/element'
15:02:56.280 [Forwarding findElement on session 903ee795f78c1e1a821990ffafa200aa to remote] DEBUG org.asynchttpclient.netty.request.NettyRequestSender - Using open Channel [id: 0x4fcfc272, L:/127.0.0.1:58658 - R:localhost/127.0.0.1:55594] for POST '/session/903ee795f78c1e1a821990ffafa200aa/element'
15:02:56.284 [AsyncHttpClient-1-6] DEBUG org.asynchttpclient.netty.handler.HttpHandler - 

Request DefaultHttpRequest(decodeResult: success, version: HTTP/1.1)
POST /session/903ee795f78c1e1a821990ffafa200aa/element HTTP/1.1
User-Agent: selenium/4.1.2 (java windows)
Content-Length: 52
Content-Type: application/json; charset=utf-8
host: localhost:55594
accept: */*

Response DefaultHttpResponse(decodeResult: success, version: HTTP/1.1)
HTTP/1.1 200 OK
Content-Type: application/json; charset=utf-8
cache-control: no-cache
content-length: 88

15:02:56.284 [AsyncHttpClient-1-6] DEBUG org.asynchttpclient.netty.channel.ChannelManager - Adding key: http://localhost:55594 for channel [id: 0x4fcfc272, L:/127.0.0.1:58658 - R:localhost/127.0.0.1:55594]
15:02:56.285 [Forwarding clickElement on session 903ee795f78c1e1a821990ffafa200aa to remote] DEBUG org.asynchttpclient.netty.request.NettyRequestSender - Using pooled Channel '[id: 0x4fcfc272, L:/127.0.0.1:58658 - R:localhost/127.0.0.1:55594]' for 'POST' to 'http://localhost:55594/session/903ee795f78c1e1a821990ffafa200aa/element/96f6e0c2-52ea-415d-9180-37b08f38ab1e/click'
15:02:56.285 [Forwarding clickElement on session 903ee795f78c1e1a821990ffafa200aa to remote] DEBUG org.asynchttpclient.netty.request.NettyRequestSender - Using open Channel [id: 0x4fcfc272, L:/127.0.0.1:58658 - R:localhost/127.0.0.1:55594] for POST '/session/903ee795f78c1e1a821990ffafa200aa/element/96f6e0c2-52ea-415d-9180-37b08f38ab1e/click'
15:02:56.352 [AsyncHttpClient-1-6] DEBUG org.asynchttpclient.netty.handler.HttpHandler - 

Request DefaultHttpRequest(decodeResult: success, version: HTTP/1.1)
POST /session/903ee795f78c1e1a821990ffafa200aa/element/96f6e0c2-52ea-415d-9180-37b08f38ab1e/click HTTP/1.1
User-Agent: selenium/4.1.2 (java windows)
Content-Length: 50
Content-Type: application/json; charset=utf-8
host: localhost:55594
accept: */*

Response DefaultHttpResponse(decodeResult: success, version: HTTP/1.1)
HTTP/1.1 200 OK
Content-Type: application/json; charset=utf-8
cache-control: no-cache
content-length: 14

15:02:56.352 [AsyncHttpClient-1-6] DEBUG org.asynchttpclient.netty.channel.ChannelManager - Adding key: http://localhost:55594 for channel [id: 0x4fcfc272, L:/127.0.0.1:58658 - R:localhost/127.0.0.1:55594]
  &amp#27;[32mWhen &amp#27;[0m&amp#27;[32mI click new user button&amp#27;[0m    &amp#27;[90m# starter.stepdefinitions.LoginStep.iClickNewUserButton()&amp#27;[0m
15:02:56.358 [Forwarding screenshot on session 903ee795f78c1e1a821990ffafa200aa to remote] DEBUG org.asynchttpclient.netty.request.NettyRequestSender - Using pooled Channel '[id: 0x4fcfc272, L:/127.0.0.1:58658 - R:localhost/127.0.0.1:55594]' for 'GET' to 'http://localhost:55594/session/903ee795f78c1e1a821990ffafa200aa/screenshot'
15:02:56.358 [Forwarding screenshot on session 903ee795f78c1e1a821990ffafa200aa to remote] DEBUG org.asynchttpclient.netty.request.NettyRequestSender - Using open Channel [id: 0x4fcfc272, L:/127.0.0.1:58658 - R:localhost/127.0.0.1:55594] for GET '/session/903ee795f78c1e1a821990ffafa200aa/screenshot'
15:02:56.383 [AsyncHttpClient-1-1] DEBUG org.asynchttpclient.netty.channel.DefaultChannelPool - Entry count for : http://localhost:58660 : 1
15:02:56.583 [AsyncHttpClient-1-6] DEBUG org.asynchttpclient.netty.handler.HttpHandler - 

Request DefaultFullHttpRequest(decodeResult: success, version: HTTP/1.1, content: EmptyByteBufBE)
GET /session/903ee795f78c1e1a821990ffafa200aa/screenshot HTTP/1.1
User-Agent: selenium/4.1.2 (java windows)
Cache-Control: no-cache
Content-Type: application/json; charset=utf-8
host: localhost:55594
accept: */*

Response DefaultHttpResponse(decodeResult: success, version: HTTP/1.1)
HTTP/1.1 200 OK
Content-Type: application/json; charset=utf-8
cache-control: no-cache
content-length: 480528

15:02:56.584 [AsyncHttpClient-1-6] DEBUG org.asynchttpclient.netty.channel.ChannelManager - Adding key: http://localhost:55594 for channel [id: 0x4fcfc272, L:/127.0.0.1:58658 - R:localhost/127.0.0.1:55594]
15:02:56.593 [main] DEBUG net.serenitybdd.core.photography.Darkroom - Send negative for processing for target\site\serenity\62550b27db9a17d175800dee3059b4f7c993c959ec504f98deedb9be5ad1d121.png
15:02:56.593 [Darkroom Processing Line] DEBUG net.serenitybdd.core.photography.DarkroomProcessingLine - Processing screenshot image in /var/screenshots/screenshot-3131857370203357663
15:02:56.593 [Darkroom Processing Line] DEBUG net.serenitybdd.core.photography.DarkroomProcessingLine - Saving screenshot to target\site\serenity\62550b27db9a17d175800dee3059b4f7c993c959ec504f98deedb9be5ad1d121.png
15:02:56.600 [Forwarding findElement on session 903ee795f78c1e1a821990ffafa200aa to remote] DEBUG org.asynchttpclient.netty.request.NettyRequestSender - Using pooled Channel '[id: 0x4fcfc272, L:/127.0.0.1:58658 - R:localhost/127.0.0.1:55594]' for 'POST' to 'http://localhost:55594/session/903ee795f78c1e1a821990ffafa200aa/element'
15:02:56.600 [Forwarding findElement on session 903ee795f78c1e1a821990ffafa200aa to remote] DEBUG org.asynchttpclient.netty.request.NettyRequestSender - Using open Channel [id: 0x4fcfc272, L:/127.0.0.1:58658 - R:localhost/127.0.0.1:55594] for POST '/session/903ee795f78c1e1a821990ffafa200aa/element'
15:02:56.611 [AsyncHttpClient-1-6] DEBUG org.asynchttpclient.netty.handler.HttpHandler - 

Request DefaultHttpRequest(decodeResult: success, version: HTTP/1.1)
POST /session/903ee795f78c1e1a821990ffafa200aa/element HTTP/1.1
User-Agent: selenium/4.1.2 (java windows)
Content-Length: 51
Content-Type: application/json; charset=utf-8
host: localhost:55594
accept: */*

Response DefaultHttpResponse(decodeResult: success, version: HTTP/1.1)
HTTP/1.1 200 OK
Content-Type: application/json; charset=utf-8
cache-control: no-cache
content-length: 88

15:02:56.611 [AsyncHttpClient-1-6] DEBUG org.asynchttpclient.netty.channel.ChannelManager - Adding key: http://localhost:55594 for channel [id: 0x4fcfc272, L:/127.0.0.1:58658 - R:localhost/127.0.0.1:55594]
15:02:56.615 [Forwarding isElementDisplayed on session 903ee795f78c1e1a821990ffafa200aa to remote] DEBUG org.asynchttpclient.netty.request.NettyRequestSender - Using pooled Channel '[id: 0x4fcfc272, L:/127.0.0.1:58658 - R:localhost/127.0.0.1:55594]' for 'POST' to 'http://localhost:55594/session/903ee795f78c1e1a821990ffafa200aa/execute/sync'
15:02:56.615 [Forwarding isElementDisplayed on session 903ee795f78c1e1a821990ffafa200aa to remote] DEBUG org.asynchttpclient.netty.request.NettyRequestSender - Using open Channel [id: 0x4fcfc272, L:/127.0.0.1:58658 - R:localhost/127.0.0.1:55594] for POST '/session/903ee795f78c1e1a821990ffafa200aa/execute/sync'
15:02:56.631 [AsyncHttpClient-1-6] DEBUG org.asynchttpclient.netty.handler.HttpHandler - 

Request DefaultHttpRequest(decodeResult: success, version: HTTP/1.1)
POST /session/903ee795f78c1e1a821990ffafa200aa/execute/sync HTTP/1.1
User-Agent: selenium/4.1.2 (java windows)
Content-Length: 48780
Content-Type: application/json; charset=utf-8
host: localhost:55594
accept: */*

Response DefaultHttpResponse(decodeResult: success, version: HTTP/1.1)
HTTP/1.1 200 OK
Content-Type: application/json; charset=utf-8
cache-control: no-cache
content-length: 14

15:02:56.631 [AsyncHttpClient-1-6] DEBUG org.asynchttpclient.netty.channel.ChannelManager - Adding key: http://localhost:55594 for channel [id: 0x4fcfc272, L:/127.0.0.1:58658 - R:localhost/127.0.0.1:55594]
  &amp#27;[32mThen &amp#27;[0m&amp#27;[32mI will go to register page&amp#27;[0m &amp#27;[90m# starter.stepdefinitions.LoginStep.iWillGoToRegisterPage()&amp#27;[0m
15:02:56.644 [Forwarding screenshot on session 903ee795f78c1e1a821990ffafa200aa to remote] DEBUG org.asynchttpclient.netty.request.NettyRequestSender - Using pooled Channel '[id: 0x4fcfc272, L:/127.0.0.1:58658 - R:localhost/127.0.0.1:55594]' for 'GET' to 'http://localhost:55594/session/903ee795f78c1e1a821990ffafa200aa/screenshot'
15:02:56.645 [Forwarding screenshot on session 903ee795f78c1e1a821990ffafa200aa to remote] DEBUG org.asynchttpclient.netty.request.NettyRequestSender - Using open Channel [id: 0x4fcfc272, L:/127.0.0.1:58658 - R:localhost/127.0.0.1:55594] for GET '/session/903ee795f78c1e1a821990ffafa200aa/screenshot'
15:02:56.899 [AsyncHttpClient-1-6] DEBUG org.asynchttpclient.netty.handler.HttpHandler - 

Request DefaultFullHttpRequest(decodeResult: success, version: HTTP/1.1, content: EmptyByteBufBE)
GET /session/903ee795f78c1e1a821990ffafa200aa/screenshot HTTP/1.1
User-Agent: selenium/4.1.2 (java windows)
Cache-Control: no-cache
Content-Type: application/json; charset=utf-8
host: localhost:55594
accept: */*

Response DefaultHttpResponse(decodeResult: success, version: HTTP/1.1)
HTTP/1.1 200 OK
Content-Type: application/json; charset=utf-8
cache-control: no-cache
content-length: 533492

15:02:56.900 [AsyncHttpClient-1-6] DEBUG org.asynchttpclient.netty.channel.ChannelManager - Adding key: http://localhost:55594 for channel [id: 0x4fcfc272, L:/127.0.0.1:58658 - R:localhost/127.0.0.1:55594]
15:02:56.913 [main] DEBUG net.serenitybdd.core.photography.Darkroom - Send negative for processing for target\site\serenity\dba33ffa22bd183726d67e493573dae7835d7b08d4962a36b1c0f5e6cf20fc40.png
15:02:56.913 [Darkroom Processing Line] DEBUG net.serenitybdd.core.photography.DarkroomProcessingLine - Processing screenshot image in /var/screenshots/screenshot-14246503157914998247
15:02:56.913 [Darkroom Processing Line] DEBUG net.serenitybdd.core.photography.DarkroomProcessingLine - Saving screenshot to target\site\serenity\dba33ffa22bd183726d67e493573dae7835d7b08d4962a36b1c0f5e6cf20fc40.png
15:02:56.914 [main] INFO  - 
  _____   ___   ___   _____     ___     _     ___   ___   ___   ___  
 |_   _| | __| / __| |_   _|   | _ \   /_\   / __| / __| | __| |   \ 
   | |   | _|  \__ \   | |     |  _/  / _ \  \__ \ \__ \ | _|  | |) |
   |_|   |___| |___/   |_|     |_|   /_/ \_\ |___/ |___/ |___| |___/ 

Register account
----------------------------------------------------------------------
15:02:56.915 [AsyncHttpClient-1-8] DEBUG org.asynchttpclient.netty.handler.WebSocketHandler - Channel Closed: [id: 0x9b0e5ea7, L:/127.0.0.1:58668 ! R:localhost/127.0.0.1:58660] with attribute NettyResponseFuture{currentRetry=5,
	isDone=1,
	isCancelled=0,
	asyncHandler=org.asynchttpclient.ws.WebSocketUpgradeHandler@4acb2d07,
	nettyRequest=org.asynchttpclient.netty.request.NettyRequest@1293f4fd,
	future=java.util.concurrent.CompletableFuture@32c8d584[Completed normally],
	uri=ws://localhost:58660/devtools/browser/0b11d505-bed0-4e66-882e-cbcac7734644,
	keepAlive=true,
	redirectCount=0,
	timeoutsHolder=null,
	inAuth=0,
	touch=1664956963037}
15:02:56.915 [AsyncHttpClient-1-8] DEBUG org.asynchttpclient.netty.channel.ChannelManager - Closing Channel [id: 0x9b0e5ea7, L:/127.0.0.1:58668 ! R:localhost/127.0.0.1:58660] 
15:02:56.916 [Driver Command Executor] DEBUG org.asynchttpclient.netty.request.NettyRequestSender - Using pooled Channel '[id: 0x4fcfc272, L:/127.0.0.1:58658 - R:localhost/127.0.0.1:55594]' for 'DELETE' to 'http://localhost:55594/session/903ee795f78c1e1a821990ffafa200aa'
15:02:56.916 [Driver Command Executor] DEBUG org.asynchttpclient.netty.request.NettyRequestSender - Using open Channel [id: 0x4fcfc272, L:/127.0.0.1:58658 - R:localhost/127.0.0.1:55594] for DELETE '/session/903ee795f78c1e1a821990ffafa200aa'
15:02:57.015 [AsyncHttpClient-1-7] DEBUG org.asynchttpclient.netty.handler.HttpHandler - Unexpected I/O exception on channel [id: 0x52e000d4, L:/127.0.0.1:58667 - R:localhost/127.0.0.1:58660]
java.io.IOException: An existing connection was forcibly closed by the remote host
	at java.base/sun.nio.ch.SocketDispatcher.read0(Native Method)
	at java.base/sun.nio.ch.SocketDispatcher.read(SocketDispatcher.java:43)
	at java.base/sun.nio.ch.IOUtil.readIntoNativeBuffer(IOUtil.java:276)
	at java.base/sun.nio.ch.IOUtil.read(IOUtil.java:233)
	at java.base/sun.nio.ch.IOUtil.read(IOUtil.java:223)
	at java.base/sun.nio.ch.SocketChannelImpl.read(SocketChannelImpl.java:358)
	at io.netty.buffer.PooledByteBuf.setBytes(PooledByteBuf.java:258)
	at io.netty.buffer.AbstractByteBuf.writeBytes(AbstractByteBuf.java:1132)
	at io.netty.channel.socket.nio.NioSocketChannel.doReadBytes(NioSocketChannel.java:350)
	at io.netty.channel.nio.AbstractNioByteChannel$NioByteUnsafe.read(AbstractNioByteChannel.java:151)
	at io.netty.channel.nio.NioEventLoop.processSelectedKey(NioEventLoop.java:722)
	at io.netty.channel.nio.NioEventLoop.processSelectedKeysOptimized(NioEventLoop.java:658)
	at io.netty.channel.nio.NioEventLoop.processSelectedKeys(NioEventLoop.java:584)
	at io.netty.channel.nio.NioEventLoop.run(NioEventLoop.java:496)
	at io.netty.util.concurrent.SingleThreadEventExecutor$4.run(SingleThreadEventExecutor.java:986)
	at io.netty.util.internal.ThreadExecutorMap$2.run(ThreadExecutorMap.java:74)
	at io.netty.util.concurrent.FastThreadLocalRunnable.run(FastThreadLocalRunnable.java:30)
	at java.base/java.lang.Thread.run(Thread.java:834)
15:02:57.015 [AsyncHttpClient-1-7] DEBUG org.asynchttpclient.netty.channel.ChannelManager - Closing Channel [id: 0x52e000d4, L:/127.0.0.1:58667 - R:localhost/127.0.0.1:58660] 
15:02:57.016 [AsyncHttpClient-1-7] DEBUG org.asynchttpclient.netty.handler.HttpHandler - Channel Closed: [id: 0x52e000d4, L:/127.0.0.1:58667 ! R:localhost/127.0.0.1:58660] with attribute DISCARD
15:02:57.077 [AsyncHttpClient-1-6] DEBUG org.asynchttpclient.netty.handler.HttpHandler - 

Request DefaultFullHttpRequest(decodeResult: success, version: HTTP/1.1, content: EmptyByteBufBE)
DELETE /session/903ee795f78c1e1a821990ffafa200aa HTTP/1.1
User-Agent: selenium/4.1.2 (java windows)
Content-Type: application/json; charset=utf-8
host: localhost:55594
accept: */*

Response DefaultHttpResponse(decodeResult: success, version: HTTP/1.1)
HTTP/1.1 200 OK
Content-Type: application/json; charset=utf-8
cache-control: no-cache
content-length: 14

15:02:57.078 [AsyncHttpClient-1-6] DEBUG org.asynchttpclient.netty.channel.ChannelManager - Adding key: http://localhost:55594 for channel [id: 0x4fcfc272, L:/127.0.0.1:58658 - R:localhost/127.0.0.1:55594]
15:02:57.133 [AsyncHttpClient-1-6] DEBUG org.asynchttpclient.netty.handler.HttpHandler - Channel Closed: [id: 0x4fcfc272, L:/127.0.0.1:58658 ! R:localhost/127.0.0.1:55594] with attribute DISCARD
]]></system-out>
    <system-err><![CDATA[Starting ChromeDriver 105.0.5195.52 (412c95e518836d8a7d97250d62b29c2ae6a26a85-refs/branch-heads/5195@{#853}) on port 55594
Only local connections are allowed.
Please see https://chromedriver.chromium.org/security-considerations for suggestions on keeping ChromeDriver safe.
ChromeDriver was started successfully.
[1664956963.000][WARNING]: This version of ChromeDriver has not been tested with Chrome version 106.
Oct 05, 2022 3:02:43 PM org.openqa.selenium.remote.ProtocolHandshake createSession
INFO: Detected dialect: W3C
Oct 05, 2022 3:02:43 PM org.openqa.selenium.devtools.CdpVersionFinder findNearestMatch
WARNING: Unable to find an exact match for CDP version 106, so returning the closest version found: a no-op implementation
Oct 05, 2022 3:02:43 PM org.openqa.selenium.devtools.CdpVersionFinder findNearestMatch
INFO: Unable to find CDP implementation matching 106.
Oct 05, 2022 3:02:43 PM org.openqa.selenium.chromium.ChromiumDriver lambda$new$3
WARNING: Unable to find version of CDP to use for . You may need to include a dependency on a specific version of the CDP using something similar to `org.seleniumhq.selenium:selenium-devtools-v86:4.1.2` where the version ("v86") matches the version of the chromium-based browser you're using and the version number of the artifact is the same as Selenium's.
]]></system-err>
  </testcase>
</testsuite>