-------------------------------------------------------------------------------
Test set: Index
-------------------------------------------------------------------------------
Tests run: 2, Failures: 0, Errors: 2, Skipped: 0, Time elapsed: 4.837 s <<< FAILURE! - in Index
Index.Index with valid token  Time elapsed: 3.896 s  <<< ERROR!
net.serenitybdd.core.exceptions.SerenityManagedException: 
1 expectation failed.
Expected status code <200> but was <404>.


Index.Index with invalid token  Time elapsed: 0.871 s  <<< ERROR!
net.serenitybdd.core.exceptions.SerenityManagedException: 
1 expectation failed.
Expected status code <200> but was <404>.


